Log file open, 09/27/17 12:24:57
LogInit:Display: Running engine for game: Runner1
LogPlatformFile: Not using cached read wrapper
LogInit:Display: RandInit(372369201) SRandInit(372369201).
LogTaskGraph: Started task graph with 5 named threads and 8 total threads with 1 sets of task threads.
LogStats: Stats thread started at 4.296580
LogInit: Using libcurl 7.47.1
LogInit:  - built for x86_64-pc-win32
LogInit:  - supports SSL with OpenSSL/1.0.2g
LogInit:  - supports HTTP deflate (compression) using libz 1.2.8
LogInit:  - other features:
LogInit:      CURL_VERSION_SSL
LogInit:      CURL_VERSION_LIBZ
LogInit:      CURL_VERSION_IPV6
LogInit:      CURL_VERSION_ASYNCHDNS
LogInit:      CURL_VERSION_LARGEFILE
LogInit:      CURL_VERSION_IDN
LogInit:  CurlRequestOptions (configurable via config and command line):
LogInit:  - bVerifyPeer = false  - Libcurl will NOT verify peer certificate
LogInit:  - bUseHttpProxy = false  - Libcurl will NOT use HTTP proxy
LogInit:  - bDontReuseConnections = false  - Libcurl will reuse connections
LogInit:  - CertBundlePath = nullptr  - Libcurl will use whatever was configured at build time.
LogInit: Build: ++UE4+Release-4.16-CL-3452394
LogInit: Engine Version: 4.16.0-3452394+++UE4+Release-4.16
LogInit: Compatible Engine Version: 4.16.0-3452394+++UE4+Release-4.16
LogInit: Net CL: 3452394
LogDevObjectVersion: Number of dev versions registered: 16
LogDevObjectVersion:   Dev-Blueprints (B0D832E4-1F89-4F0D-ACCF-7EB736FD4AA2): 9
LogDevObjectVersion:   Dev-Build (E1C64328-A22C-4D53-A36C-8E866417BD8C): 0
LogDevObjectVersion:   Dev-Core (375EC13C-06E4-48FB-B500-84F0262A717E): 2
LogDevObjectVersion:   Dev-Editor (E4B068ED-F494-42E9-A231-DA0B2E46BB41): 17
LogDevObjectVersion:   Dev-Framework (CFFC743F-43B0-4480-9391-14DF171D2073): 23
LogDevObjectVersion:   Dev-Mobile (B02B49B5-BB20-44E9-A304-32B752E40360): 0
LogDevObjectVersion:   Dev-Networking (A4E4105C-59A1-49B5-A7C5-40C4547EDFEE): 0
LogDevObjectVersion:   Dev-Online (39C831C9-5AE6-47DC-9A44-9C173E1C8E7C): 0
LogDevObjectVersion:   Dev-Physics (78F01B33-EBEA-4F98-B9B4-84EACCB95AA2): 0
LogDevObjectVersion:   Dev-Platform (6631380F-2D4D-43E0-8009-CF276956A95A): 0
LogDevObjectVersion:   Dev-Rendering (12F88B9F-8875-4AFC-A67C-D90C383ABD29): 15
LogDevObjectVersion:   Dev-Sequencer (7B5AE74C-D270-4C10-A958-57980B212A5A): 4
LogDevObjectVersion:   Dev-VR (D7296918-1DD6-4BDD-9DE2-64A83CC13884): 0
LogDevObjectVersion:   Dev-LoadTimes (C2A15278-BFE7-4AFE-6C17-90FF531DF755): 1
LogDevObjectVersion:   Private-Geometry (6EACA3D4-40EC-4CC1-B786-8BED09428FC5): 1
LogDevObjectVersion:   Dev-AnimPhys (29E575DD-E0A3-4627-9D10-D276232CDCEA): 3
LogInit: Compiled (64-bit): May 22 2017 17:47:00
LogInit: Compiled with Visual C++: 19.00.23026.00
LogInit: Build Configuration: Development
LogInit: Branch Name: ++UE4+Release-4.16
LogInit: Command line:  
LogInit: Base directory: C:/Program Files/Epic Games/UE_4.16/Engine/Binaries/Win64/
LogInit: Installed Engine Build: 1
LogInit: Presizing for max 8388607 objects, including 0 objects not considered by GC, pre-allocating 0 bytes for permanent pool.
LogInit: Object subsystem initialized
[2017.09.27-11.24.59:335][  0]LogInit: Selected Device Profile: [Windows]
[2017.09.27-11.24.59:335][  0]LogInit: Applying CVar settings loaded from the selected device profile: [Windows]
[2017.09.27-11.24.59:512][  0]LogInit: Computer: GAMES-106-002
[2017.09.27-11.24.59:512][  0]LogInit: User: Games
[2017.09.27-11.24.59:512][  0]LogInit: CPU Page size=4096, Cores=4
[2017.09.27-11.24.59:512][  0]LogInit: High frequency timer resolution =3.613300 MHz
[2017.09.27-11.24.59:513][  0]LogMemory: Memory total: Physical=15.9GB (16GB approx)
[2017.09.27-11.24.59:513][  0]LogMemory: Platform Memory Stats for Windows
[2017.09.27-11.24.59:513][  0]LogMemory: Process Physical Memory: 276.48 MB used, 276.48 MB peak
[2017.09.27-11.24.59:513][  0]LogMemory: Process Virtual Memory: 263.87 MB used, 263.87 MB peak
[2017.09.27-11.24.59:513][  0]LogMemory: Physical Memory: 6137.64 MB used,  10124.10 MB free, 16261.73 MB total
[2017.09.27-11.24.59:513][  0]LogMemory: Virtual Memory: 629.81 MB used,  10124.10 MB free, 8388608.00 MB total
[2017.09.27-11.25.00:894][  0]LogInit: Using OS detected language (en-GB).
[2017.09.27-11.25.00:894][  0]LogInit: Using OS detected locale (en-GB).
[2017.09.27-11.25.01:208][  0]LogTextLocalizationManager: No specific localization for 'en-GB' exists, so the 'en' localization will be used.
[2017.09.27-11.25.10:681][  0]LogD3D11RHI: D3D11 adapters:
[2017.09.27-11.25.10:716][  0]LogD3D11RHI:    0. 'NVIDIA GeForce GTX 760' (Feature Level 11_0)
[2017.09.27-11.25.10:716][  0]LogD3D11RHI:       1990/0/2048 MB DedicatedVideo/DedicatedSystem/SharedSystem, Outputs:2, VendorId:0x10de
[2017.09.27-11.25.10:716][  0]LogD3D11RHI: Chosen D3D11 Adapter: 0
[2017.09.27-11.25.10:726][  0]LogD3D11RHI: Creating new Direct3DDevice
[2017.09.27-11.25.10:726][  0]LogD3D11RHI:     GPU DeviceId: 0x1187 (for the marketing name, search the web for "GPU Device Id")
[2017.09.27-11.25.10:726][  0]LogWindows: EnumDisplayDevices:
[2017.09.27-11.25.10:726][  0]LogWindows:    0. 'NVIDIA GeForce GTX 760' (P:1 D:1)
[2017.09.27-11.25.10:727][  0]LogWindows:    1. 'NVIDIA GeForce GTX 760' (P:0 D:1)
[2017.09.27-11.25.10:727][  0]LogWindows:    2. 'NVIDIA GeForce GTX 760' (P:0 D:0)
[2017.09.27-11.25.10:727][  0]LogWindows:    3. 'NVIDIA GeForce GTX 760' (P:0 D:0)
[2017.09.27-11.25.10:728][  0]LogWindows:    4. 'RDPDD Chained DD' (P:0 D:0)
[2017.09.27-11.25.10:728][  0]LogWindows:    5. 'RDP Encoder Mirror Driver' (P:0 D:0)
[2017.09.27-11.25.10:728][  0]LogWindows:    6. 'RDP Reflector Display Driver' (P:0 D:0)
[2017.09.27-11.25.10:728][  0]LogWindows: DebugString: GetVideoDriverDetailsInvalid PrimaryIsNotTheChoosenAdapter GetVideoDriverDetailsInvalid PrimaryIsNotTheChoosenAdapter GetVideoDriverDetailsInvalid PrimaryIsNotTheChoosenAdapter FoundDriverCount:4 
[2017.09.27-11.25.10:728][  0]LogD3D11RHI:     Adapter Name: NVIDIA GeForce GTX 760
[2017.09.27-11.25.10:728][  0]LogD3D11RHI:   Driver Version: 353.30 (internal:10.18.13.5330, unified:353.30)
[2017.09.27-11.25.10:728][  0]LogD3D11RHI:      Driver Date: 6-17-2015
[2017.09.27-11.25.10:728][  0]LogRHI: Texture pool is 1361 MB (70% of 1945 MB)
[2017.09.27-11.25.10:758][  0]LogD3D11RHI: NvAPI_D3D_GetCurrentSLIState failed: 0xfffffff7
[2017.09.27-11.25.10:758][  0]LogD3D11RHI: Async texture creation enabled
[2017.09.27-11.25.11:066][  0]LogD3D11RHI: GPU Timing Frequency: 1000.000000 (Debug: 2 2)
[2017.09.27-11.25.11:339][  0]LogShaderCompilers: Guid format shader working directory is 36 characters bigger than the processId version (F:/Runner1/Intermediate/Shaders/WorkingDirectory/8188/).
[2017.09.27-11.25.11:340][  0]LogShaderCompilers: Cleaned the shader compiler working directory 'C:/Users/Games/AppData/Local/Temp/UnrealShaderWorkingDir/D84B7B8043B93AF1B147BAA16C78C9E9/'.
[2017.09.27-11.25.11:377][  0]LogShaderCompilers:Display: Using Local Shader Compiler.
[2017.09.27-11.25.18:716][  0]LogTemp:Display: Loaded TP AllDesktopTargetPlatform
[2017.09.27-11.25.18:811][  0]LogTemp:Display: Loaded TP MacClientTargetPlatform
[2017.09.27-11.25.18:868][  0]LogTemp:Display: Loaded TP MacNoEditorTargetPlatform
[2017.09.27-11.25.18:919][  0]LogTemp:Display: Loaded TP MacServerTargetPlatform
[2017.09.27-11.25.18:999][  0]LogTemp:Display: Loaded TP MacTargetPlatform
[2017.09.27-11.25.19:070][  0]LogTemp:Display: Loaded TP WindowsClientTargetPlatform
[2017.09.27-11.25.19:121][  0]LogTemp:Display: Loaded TP WindowsNoEditorTargetPlatform
[2017.09.27-11.25.19:172][  0]LogTemp:Display: Loaded TP WindowsServerTargetPlatform
[2017.09.27-11.25.19:218][  0]LogTemp:Display: Loaded TP WindowsTargetPlatform
[2017.09.27-11.25.19:287][  0]LogTemp:Display: Loaded TP AndroidTargetPlatform
[2017.09.27-11.25.19:339][  0]LogTemp:Display: Loaded TP Android_ASTCTargetPlatform
[2017.09.27-11.25.19:432][  0]LogTemp:Display: Loaded TP Android_ATCTargetPlatform
[2017.09.27-11.25.19:492][  0]LogTemp:Display: Loaded TP Android_DXTTargetPlatform
[2017.09.27-11.25.19:542][  0]LogTemp:Display: Loaded TP Android_ETC1TargetPlatform
[2017.09.27-11.25.19:593][  0]LogTemp:Display: Loaded TP Android_ETC2TargetPlatform
[2017.09.27-11.25.19:706][  0]LogTemp:Display: Loaded TP Android_MultiTargetPlatform
[2017.09.27-11.25.19:706][  0]LogTemp:Display: Loaded TP Android_PVRTCTargetPlatform
[2017.09.27-11.25.19:767][  0]LogTemp:Display: Loaded TP HTML5TargetPlatform
[2017.09.27-11.25.19:990][  0]LogTemp:Display: Loaded TP IOSTargetPlatform
[2017.09.27-11.25.20:024][  0]LogTemp:Display: Loaded TP TVOSTargetPlatform
[2017.09.27-11.25.20:093][  0]LogTemp:Display: Loaded TP LinuxClientTargetPlatform
[2017.09.27-11.25.20:154][  0]LogTemp:Display: Loaded TP LinuxNoEditorTargetPlatform
[2017.09.27-11.25.20:230][  0]LogTemp:Display: Loaded TP LinuxServerTargetPlatform
[2017.09.27-11.25.20:299][  0]LogTemp:Display: Loaded TP LinuxTargetPlatform
[2017.09.27-11.25.20:299][  0]LogTargetPlatformManager:Display: Building Assets For Windows
[2017.09.27-11.25.21:831][  0]LogDerivedDataCache:Display: Max Cache Size: 512 MB
[2017.09.27-11.25.22:483][  0]LogDerivedDataCache: Loaded boot cache 0.65s 90MB C:/Users/Games/AppData/Local/UnrealEngine/4.16/DerivedDataCache/Boot.ddc.
[2017.09.27-11.25.22:484][  0]LogDerivedDataCache:Display: Loaded Boot cache: C:/Users/Games/AppData/Local/UnrealEngine/4.16/DerivedDataCache/Boot.ddc
[2017.09.27-11.25.22:484][  0]LogDerivedDataCache: FDerivedDataBackendGraph:  Pak pak cache file F:/Runner1/DerivedDataCache/DDC.ddp not found, will not use a pak cache.
[2017.09.27-11.25.22:484][  0]LogDerivedDataCache: Unable to find inner node Pak for hierarchical cache Hierarchy.
[2017.09.27-11.25.22:484][  0]LogDerivedDataCache: FDerivedDataBackendGraph:  CompressedPak pak cache file F:/Runner1/DerivedDataCache/Compressed.ddp not found, will not use a pak cache.
[2017.09.27-11.25.22:484][  0]LogDerivedDataCache: Unable to find inner node CompressedPak for hierarchical cache Hierarchy.
[2017.09.27-11.25.22:583][  0]LogDerivedDataCache:Display: Pak cache opened for reading ../../../Engine/DerivedDataCache/Compressed.ddp.
[2017.09.27-11.25.22:594][  0]LogDerivedDataCache: Using Local data cache path C:/Users/Games/AppData/Local/UnrealEngine/Common/DerivedDataCache: Writable
[2017.09.27-11.25.22:739][  0]LogMaterial: Verifying Global Shaders for PCD3D_SM5
[2017.09.27-11.25.22:806][  0]LogSlate: Using Freetype 2.6.0
[2017.09.27-11.25.22:902][  0]LogSlate: SlateFontCache - WITH_FREETYPE: 1, WITH_HARFBUZZ: 1
[2017.09.27-11.25.22:902][  0]LogSlate: SlateFontCache - WITH_FREETYPE: 1, WITH_HARFBUZZ: 1
[2017.09.27-11.25.33:239][  0]LogInit: Selected Device Profile: [Windows]
[2017.09.27-11.25.33:287][  0]LogContentStreaming: Texture pool size is 0.00 MB
[2017.09.27-11.25.34:755][  0]LogMeshUtilities: Using QuadricMeshReduction for automatic static mesh reduction
[2017.09.27-11.25.34:913][  0]LogSimplygon: Simplygon DLL not present - disabling.
[2017.09.27-11.25.35:020][  0]LogMeshUtilities: Using SimplygonSwarm for distributed automatic mesh merging
[2017.09.27-11.25.35:020][  0]LogMeshUtilities: No automatic skeletal mesh reduction module available
[2017.09.27-11.25.35:020][  0]LogMeshUtilities: No automatic mesh merging module available
[2017.09.27-11.25.41:307][  0]LogNetVersion: Runner1 , NetCL: 3452394, EngineNetVer: 2, GameNetVer: 0 (Checksum: 1518988006)
[2017.09.27-11.25.41:672][  0]LogAssetRegistry: FAssetRegistry took 0.0466 seconds to start up
[2017.09.27-11.25.41:894][  0]LogPackageLocalizationCache: Processed 4 localized package path(s) for 2 prioritized culture(s) in 0.162060 seconds
[2017.09.27-11.25.41:930][  0]LogUObjectArray: 34194 objects as part of root set at end of initial load.
[2017.09.27-11.25.41:930][  0]LogUObjectAllocator: 7260424 out of 0 bytes used by permanent object pool.
[2017.09.27-11.25.41:930][  0]LogUObjectArray: CloseDisregardForGC: 0/0 objects in disregard for GC pool
[2017.09.27-11.25.42:054][  0]LogInit: WinSock: version 1.1 (2.2), MaxSocks=32767, MaxUdp=65467
[2017.09.27-11.26.34:469][  0]LogTcpMessaging: Initializing TcpMessaging bridge
[2017.09.27-11.26.34:544][  0]LogUdpMessaging: Initializing bridge on interface 0.0.0.0:0 to multicast group 230.0.0.1:6666.
[2017.09.27-11.26.36:639][  0]LogMaterial: Uniform references updated for custom material expression Custom.
[2017.09.27-11.26.37:691][  0]SourceControl: Info Source control is disabled
[2017.09.27-11.26.38:178][  0]SourceControl: Info Source control is disabled
[2017.09.27-11.26.38:336][  0]SourceControl: Info Source control is disabled
[2017.09.27-11.26.38:483][  0]SourceControl: Info Source control is disabled
[2017.09.27-11.26.40:643][  0]LogAndroidPermission: UAndroidPermissionCallbackProxy::GetInstance
[2017.09.27-11.26.42:360][  0]LogEngine: Initializing Engine...
[2017.09.27-11.26.42:391][  0]LogHMD: Failed to initialize OpenVR with code 110
[2017.09.27-11.26.42:894][  0]LogStats: UGameplayTagsManager::ConstructGameplayTagTree: Construct from data asset -  0.000 s
[2017.09.27-11.26.42:894][  0]LogStats: UGameplayTagsManager::ConstructGameplayTagTree: GameplayTagTreeChangedEvent.Broadcast -  0.000 s
[2017.09.27-11.26.43:444][  0]LogAIModule: Creating AISystem for world Untitled
[2017.09.27-11.26.43:566][  0]LogInit: XAudio2 using 'Speakers (Conexant HD Audio)' : 2 channels at 44.1 kHz using 16 bits per sample (channel mask 0x3)
[2017.09.27-11.26.43:638][  0]LogInit: FAudioDevice initialized.
[2017.09.27-11.26.43:711][  0]LogDerivedDataCache: Saved boot cache 0.06s 90MB C:/Users/Games/AppData/Local/UnrealEngine/4.16/DerivedDataCache/Boot.ddc.
[2017.09.27-11.26.43:727][  0]LogInit: Texture streaming: Enabled
[2017.09.27-11.26.43:920][  0]LogEngineSessionManager: EngineSessionManager initialized
[2017.09.27-11.26.45:009][  0]LogInit: Transaction tracking system initialized
[2017.09.27-11.26.46:392][  0]BlueprintLog: New page: Editor Load
[2017.09.27-11.26.50:397][  0]LocalizationService: Info Localization service is disabled
[2017.09.27-11.26.52:623][  0]LogConsoleResponse:Display: 
[2017.09.27-11.26.54:390][  0]LogFileCache: Scanning file cache for directory 'F:/Runner1/Content/' took 0.03s
[2017.09.27-11.26.54:390][  0]LogCook:Display: Max memory allowance for cook 16384mb min free memory 0mb
[2017.09.27-11.26.54:390][  0]LogCook:Display: Mobile HDR setting 1
[2017.09.27-11.27.00:358][  0]SourceControl: Info Source control is disabled
[2017.09.27-11.27.00:417][  0]Cmd: MAP LOAD FILE="F:/Runner1/Content/ThirdPersonBP/Maps/ThirdPersonExampleMap.umap" TEMPLATE=0 SHOWPROGRESS=1 FEATURELEVEL=3
[2017.09.27-11.27.00:504][  0]LightingResults: New page: Lighting Build
[2017.09.27-11.27.00:880][  0]MapCheck: New page: Map Check
[2017.09.27-11.27.00:880][  0]LightingResults: New page: Lighting Build
[2017.09.27-11.27.07:015][  0]LogAnimationCompression: Building Anim DDC data for AnimSequence /Game/Mannequin/Animations/Sprinting_Forward_Roll_Anim_mixamo_com.Sprinting_Forward_Roll_Anim_mixamo_com
[2017.09.27-11.27.07:054][  0]LogAIModule: Creating AISystem for world ThirdPersonExampleMap
[2017.09.27-11.27.08:035][  0]LogEditorServer: Finished looking for orphan Actors (0.000 secs)
[2017.09.27-11.27.08:234][  0]Cmd: MAP CHECKDEP NOCLEARLOG
[2017.09.27-11.27.08:347][  0]MapCheck: Info Map check complete: 0 Error(s), 0 Warning(s), took 112.1ms to complete.
[2017.09.27-11.27.08:347][  0]LogFileHelpers: Loading map 'ThirdPersonExampleMap' took 7.950
[2017.09.27-11.27.11:171][  0]LogCollectionManager: Loaded 0 collections in 0.003863 seconds
[2017.09.27-11.27.11:818][  0]LogFileCache: Scanning file cache for directory 'F:/Runner1/Saved/Collections/' took 0.01s
[2017.09.27-11.27.11:818][  0]LogFileCache: Scanning file cache for directory 'F:/Runner1/Content/Developers/Games/Collections/' took 0.01s
[2017.09.27-11.27.11:818][  0]LogFileCache: Scanning file cache for directory 'F:/Runner1/Content/Collections/' took 0.01s
[2017.09.27-11.27.11:818][  0]LogCollectionManager: Rebuilt the GUID cache for 0 collections in 0.000002 seconds
[2017.09.27-11.27.11:868][  0]LogContentBrowser: Native class hierarchy populated in 0.0136 seconds. Added 2329 classes and 491 folders.
[2017.09.27-11.27.12:197][  0]LogContentBrowser: Native class hierarchy updated for 'WidgetCarousel' in 0.0009 seconds. Added 0 classes and 0 folders.
[2017.09.27-11.27.14:965][  0]LogContentBrowser: Native class hierarchy updated for 'AddContentDialog' in 0.0006 seconds. Added 0 classes and 0 folders.
[2017.09.27-11.27.15:041][  0]LogContentBrowser: Native class hierarchy updated for 'SceneOutliner' in 0.0006 seconds. Added 1 classes and 2 folders.
[2017.09.27-11.27.16:110][  0]LogCrashTracker: Crashtracker disabled due to settings.
[2017.09.27-11.27.16:226][  0]LogSlate: Took 0.022117 seconds to synchronously load lazily loaded font '../../../Engine/Content/Slate/Fonts/Roboto-Regular.ttf' (155K)
[2017.09.27-11.27.16:272][  0]LogSlate: Took 0.022110 seconds to synchronously load lazily loaded font '../../../Engine/Content/Slate/Fonts/Roboto-Bold.ttf' (160K)
[2017.09.27-11.27.16:316][  0]LogSlate: Took 0.013107 seconds to synchronously load lazily loaded font '../../../Engine/Content/Editor/Slate/Fonts/FontAwesome.ttf' (139K)
[2017.09.27-11.27.16:632][  0]LogRenderer: Reallocating scene render targets to support 1208x580 NumSamples 1 (Frame:1).
[2017.09.27-11.27.17:675][  0]LogContentBrowser: Native class hierarchy updated for 'HierarchicalLODOutliner' in 0.0006 seconds. Added 1 classes and 2 folders.
[2017.09.27-11.27.17:675][  0]LogLoad: (Engine Initialization) Total time: 154.68 seconds
[2017.09.27-11.27.17:675][  0]LogLoad: (Engine Initialization) Total Blueprint compile time: 1.29 seconds
[2017.09.27-11.27.17:675][  0]LogExternalProfiler: Found external profiler: VSPerf
[2017.09.27-11.27.17:675][  0]LogExternalProfiler: Using external profiler: VSPerf
[2017.09.27-11.27.17:694][  0]LogOcInput: OculusInput pre-init called
[2017.09.27-11.27.17:694][  0]LogHMD: Starting GearVRController plugin
[2017.09.27-11.27.17:845][  0]LogContentStreaming: Texture pool size now 1000 MB
[2017.09.27-11.27.18:042][  0]LogSlate: Took 0.019643 seconds to synchronously load lazily loaded font '../../../Engine/Content/Slate/Fonts/Roboto-Light.ttf' (159K)
[2017.09.27-11.27.18:324][  3]LogAssetRegistry: Asset discovery search completed in 96.6716 seconds
[2017.09.27-11.27.18:326][  3]LogCollectionManager: Rebuilt the object cache for 0 collections in 0.000005 seconds (found 0 objects)
[2017.09.27-11.27.18:326][  3]LogCollectionManager: Fixed up redirectors for 0 collections in 0.000033 seconds (updated 0 objects)
[2017.09.27-11.27.21:965][400]LogSlate: Took 0.000167 seconds to synchronously load lazily loaded font '../../../Engine/Content/Slate/Fonts/Roboto-Light.ttf' (159K)
[2017.09.27-11.27.22:815][400]LogSlate: Took 0.000392 seconds to synchronously load lazily loaded font '../../../Engine/Content/Slate/Fonts/Roboto-Regular.ttf' (155K)
[2017.09.27-11.27.23:616][400]LogAIModule: Creating AISystem for world ProceduralMap
[2017.09.27-11.27.23:663][400]Cmd: MAP LOAD FILE="F:/Runner1/Content/ThirdPersonBP/Maps/ProceduralMap.umap" TEMPLATE=0 SHOWPROGRESS=1 FEATURELEVEL=3
[2017.09.27-11.27.23:663][400]LightingResults: New page: Lighting Build
[2017.09.27-11.27.23:664][400]LoadErrors: New page: Loading map: ProceduralMap.umap
[2017.09.27-11.27.23:687][400]MapCheck: New page: Map Check
[2017.09.27-11.27.23:687][400]LightingResults: New page: Lighting Build
[2017.09.27-11.27.23:753][400]LogEditorServer: Finished looking for orphan Actors (0.000 secs)
[2017.09.27-11.27.23:804][400]Cmd: MAP CHECKDEP NOCLEARLOG
[2017.09.27-11.27.23:872][400]MapCheck: Info Map check complete: 0 Error(s), 0 Warning(s), took 68.499ms to complete.
[2017.09.27-11.27.23:873][400]LogFileHelpers: Loading map 'ProceduralMap' took 0.217
[2017.09.27-11.27.26:061][652]LogTemp: Repeting last play command: Selected Viewport
[2017.09.27-11.27.26:230][652]LogPlayLevel: PlayLevel: No blueprints needed recompiling
[2017.09.27-11.27.26:262][652]PIE: New page: PIE session: ProceduralMap (27 Sep 2017 13:27:26)
[2017.09.27-11.27.26:262][652]LogPlayLevel: Creating play world package: /Game/ThirdPersonBP/Maps/UEDPIE_0_ProceduralMap
[2017.09.27-11.27.26:277][652]LogPlayLevel: PIE: StaticDuplicateObject took: (0.015473s)
[2017.09.27-11.27.26:279][652]LogAIModule: Creating AISystem for world ProceduralMap
[2017.09.27-11.27.26:279][652]LogPlayLevel: PIE: World Init took: (0.001560s)
[2017.09.27-11.27.26:279][652]LogPlayLevel: PIE: Created PIE world by copying editor world from /Game/ThirdPersonBP/Maps/ProceduralMap.ProceduralMap to /Game/ThirdPersonBP/Maps/UEDPIE_0_ProceduralMap.ProceduralMap (0.017457s)
[2017.09.27-11.27.26:310][652]LogInit: XAudio2 using 'Speakers (Conexant HD Audio)' : 2 channels at 44.1 kHz using 16 bits per sample (channel mask 0x3)
[2017.09.27-11.27.26:335][652]LogInit: FAudioDevice initialized.
[2017.09.27-11.27.26:411][652]LogLoad: Game class is 'RunnerGameMode_C'
[2017.09.27-11.27.26:430][652]LogWorld: Bringing World /Game/ThirdPersonBP/Maps/UEDPIE_0_ProceduralMap.ProceduralMap up for play (max tick rate 0) at 2017.09.27-12.27.26
[2017.09.27-11.27.26:446][652]LogWorld: Bringing up level for play took: 0.017583
[2017.09.27-11.27.26:606][652]LogContentBrowser: Native class hierarchy updated for 'MovieSceneCapture' in 0.0011 seconds. Added 11 classes and 0 folders.
[2017.09.27-11.27.26:697][652]PIE: Info Play in editor start time for /Game/ThirdPersonBP/Maps/UEDPIE_0_ProceduralMap 1.087
[2017.09.27-11.27.26:791][653]LogCharacterMovement:Warning: GetSimulationTimeStep() - Max iterations 8 hit while remaining time 0.064872 > MaxSimulationTimeStep (0.050) for 'RunnerCharacter_C_0', movement 'Walking'
[2017.09.27-11.27.34:686][566]LogTemp: Repeting last play command: Selected Viewport
[2017.09.27-11.27.34:702][566]LogPlayLevel: PlayLevel: No blueprints needed recompiling
[2017.09.27-11.27.34:702][566]PIE: New page: PIE session: ProceduralMap (27 Sep 2017 13:27:34)
[2017.09.27-11.27.34:702][566]LogPlayLevel: Creating play world package: /Game/ThirdPersonBP/Maps/UEDPIE_0_ProceduralMap
[2017.09.27-11.27.34:704][566]LogPlayLevel: PIE: StaticDuplicateObject took: (0.001528s)
[2017.09.27-11.27.34:704][566]LogAIModule: Creating AISystem for world ProceduralMap
[2017.09.27-11.27.34:704][566]LogPlayLevel: PIE: World Init took: (0.000621s)
[2017.09.27-11.27.34:704][566]LogPlayLevel: PIE: Created PIE world by copying editor world from /Game/ThirdPersonBP/Maps/ProceduralMap.ProceduralMap to /Game/ThirdPersonBP/Maps/UEDPIE_0_ProceduralMap.ProceduralMap (0.002320s)
[2017.09.27-11.27.34:715][566]LogInit: XAudio2 using 'Speakers (Conexant HD Audio)' : 2 channels at 44.1 kHz using 16 bits per sample (channel mask 0x3)
[2017.09.27-11.27.34:725][566]LogInit: FAudioDevice initialized.
[2017.09.27-11.27.34:757][566]LogLoad: Game class is 'RunnerGameMode_C'
[2017.09.27-11.27.34:762][566]LogWorld: Bringing World /Game/ThirdPersonBP/Maps/UEDPIE_0_ProceduralMap.ProceduralMap up for play (max tick rate 0) at 2017.09.27-12.27.34
[2017.09.27-11.27.34:762][566]LogWorld: Bringing up level for play took: 0.002042
[2017.09.27-11.27.34:795][566]PIE: Info Play in editor start time for /Game/ThirdPersonBP/Maps/UEDPIE_0_ProceduralMap -0.815
[2017.09.27-11.27.40:942][293]Cmd: RestartLevel
[2017.09.27-11.27.40:996][294]LogNet: Browse: /Game/ThirdPersonBP/Maps/ProceduralMap?restart
[2017.09.27-11.27.40:997][294]LogLoad: LoadMap: /Game/ThirdPersonBP/Maps/ProceduralMap
[2017.09.27-11.27.41:023][294]Cmd: MEM
[2017.09.27-11.27.41:033][294]LogMemory: Platform Memory Stats for Windows
[2017.09.27-11.27.41:033][294]LogMemory: Process Physical Memory: 1042.44 MB used, 1094.64 MB peak
[2017.09.27-11.27.41:033][294]LogMemory: Process Virtual Memory: 1548.98 MB used, 1683.83 MB peak
[2017.09.27-11.27.41:033][294]LogMemory: Physical Memory: 7258.41 MB used,  9003.33 MB free, 16261.73 MB total
[2017.09.27-11.27.41:033][294]LogMemory: Virtual Memory: 2268.15 MB used,  9003.33 MB free, 8388608.00 MB total
[2017.09.27-11.27.41:033][294]LogMemory: 
[2017.09.27-11.27.41:033][294]Allocator Stats for TBB: (not implemented)
[2017.09.27-11.27.41:044][294]LogPlayLevel: Creating play world package: /Game/ThirdPersonBP/Maps/UEDPIE_0_ProceduralMap
[2017.09.27-11.27.41:047][294]LogPlayLevel: PIE: StaticDuplicateObject took: (0.003058s)
[2017.09.27-11.27.41:047][294]LogAIModule: Creating AISystem for world ProceduralMap
[2017.09.27-11.27.41:048][294]LogPlayLevel: PIE: World Init took: (0.000686s)
[2017.09.27-11.27.41:048][294]LogPlayLevel: PIE: Created PIE world by copying editor world from /Game/ThirdPersonBP/Maps/ProceduralMap.ProceduralMap to /Game/ThirdPersonBP/Maps/UEDPIE_0_ProceduralMap.ProceduralMap (0.004017s)
[2017.09.27-11.27.41:048][294]LogLoad: Game class is 'RunnerGameMode_C'
[2017.09.27-11.27.41:050][294]LogWorld: Bringing World /Game/ThirdPersonBP/Maps/UEDPIE_0_ProceduralMap.ProceduralMap up for play (max tick rate 0) at 2017.09.27-12.27.41
[2017.09.27-11.27.41:050][294]LogWorld: Bringing up level for play took: 0.000939
[2017.09.27-11.27.41:064][294]LogLoad: Took 0.067328 seconds to LoadMap(/Game/ThirdPersonBP/Maps/UEDPIE_0_ProceduralMap)
[2017.09.27-11.27.44:369][689]Cmd: RestartLevel
[2017.09.27-11.27.44:377][690]LogNet: Browse: /Game/ThirdPersonBP/Maps/ProceduralMap?restart
[2017.09.27-11.27.44:377][690]LogLoad: LoadMap: /Game/ThirdPersonBP/Maps/ProceduralMap
[2017.09.27-11.27.44:388][690]Cmd: MEM
[2017.09.27-11.27.44:396][690]LogMemory: Platform Memory Stats for Windows
[2017.09.27-11.27.44:396][690]LogMemory: Process Physical Memory: 1042.75 MB used, 1094.64 MB peak
[2017.09.27-11.27.44:396][690]LogMemory: Process Virtual Memory: 1526.72 MB used, 1683.83 MB peak
[2017.09.27-11.27.44:396][690]LogMemory: Physical Memory: 7258.45 MB used,  9003.28 MB free, 16261.73 MB total
[2017.09.27-11.27.44:396][690]LogMemory: Virtual Memory: 2245.90 MB used,  9003.28 MB free, 8388608.00 MB total
[2017.09.27-11.27.44:396][690]LogMemory: 
[2017.09.27-11.27.44:396][690]Allocator Stats for TBB: (not implemented)
[2017.09.27-11.27.44:396][690]LogPlayLevel: Creating play world package: /Game/ThirdPersonBP/Maps/UEDPIE_0_ProceduralMap
[2017.09.27-11.27.44:398][690]LogPlayLevel: PIE: StaticDuplicateObject took: (0.001502s)
[2017.09.27-11.27.44:398][690]LogAIModule: Creating AISystem for world ProceduralMap
[2017.09.27-11.27.44:399][690]LogPlayLevel: PIE: World Init took: (0.000617s)
[2017.09.27-11.27.44:399][690]LogPlayLevel: PIE: Created PIE world by copying editor world from /Game/ThirdPersonBP/Maps/ProceduralMap.ProceduralMap to /Game/ThirdPersonBP/Maps/UEDPIE_0_ProceduralMap.ProceduralMap (0.002298s)
[2017.09.27-11.27.44:399][690]LogLoad: Game class is 'RunnerGameMode_C'
[2017.09.27-11.27.44:400][690]LogWorld: Bringing World /Game/ThirdPersonBP/Maps/UEDPIE_0_ProceduralMap.ProceduralMap up for play (max tick rate 0) at 2017.09.27-12.27.44
[2017.09.27-11.27.44:401][690]LogWorld: Bringing up level for play took: 0.000798
[2017.09.27-11.27.44:411][690]LogLoad: Took 0.034499 seconds to LoadMap(/Game/ThirdPersonBP/Maps/UEDPIE_0_ProceduralMap)
[2017.09.27-11.27.47:798][ 95]Cmd: RestartLevel
[2017.09.27-11.27.47:806][ 96]LogNet: Browse: /Game/ThirdPersonBP/Maps/ProceduralMap?restart
[2017.09.27-11.27.47:806][ 96]LogLoad: LoadMap: /Game/ThirdPersonBP/Maps/ProceduralMap
[2017.09.27-11.27.47:817][ 96]Cmd: MEM
[2017.09.27-11.27.47:825][ 96]LogMemory: Platform Memory Stats for Windows
[2017.09.27-11.27.47:825][ 96]LogMemory: Process Physical Memory: 1042.80 MB used, 1094.64 MB peak
[2017.09.27-11.27.47:825][ 96]LogMemory: Process Virtual Memory: 1528.21 MB used, 1683.83 MB peak
[2017.09.27-11.27.47:825][ 96]LogMemory: Physical Memory: 7258.47 MB used,  9003.27 MB free, 16261.73 MB total
[2017.09.27-11.27.47:825][ 96]LogMemory: Virtual Memory: 2247.40 MB used,  9003.27 MB free, 8388608.00 MB total
[2017.09.27-11.27.47:825][ 96]LogMemory: 
[2017.09.27-11.27.47:825][ 96]Allocator Stats for TBB: (not implemented)
[2017.09.27-11.27.47:826][ 96]LogPlayLevel: Creating play world package: /Game/ThirdPersonBP/Maps/UEDPIE_0_ProceduralMap
[2017.09.27-11.27.47:827][ 96]LogPlayLevel: PIE: StaticDuplicateObject took: (0.001517s)
[2017.09.27-11.27.47:828][ 96]LogAIModule: Creating AISystem for world ProceduralMap
[2017.09.27-11.27.47:828][ 96]LogPlayLevel: PIE: World Init took: (0.000633s)
[2017.09.27-11.27.47:828][ 96]LogPlayLevel: PIE: Created PIE world by copying editor world from /Game/ThirdPersonBP/Maps/ProceduralMap.ProceduralMap to /Game/ThirdPersonBP/Maps/UEDPIE_0_ProceduralMap.ProceduralMap (0.002329s)
[2017.09.27-11.27.47:828][ 96]LogLoad: Game class is 'RunnerGameMode_C'
[2017.09.27-11.27.47:829][ 96]LogWorld: Bringing World /Game/ThirdPersonBP/Maps/UEDPIE_0_ProceduralMap.ProceduralMap up for play (max tick rate 0) at 2017.09.27-12.27.47
[2017.09.27-11.27.47:830][ 96]LogWorld: Bringing up level for play took: 0.000807
[2017.09.27-11.27.47:841][ 96]LogLoad: Took 0.034661 seconds to LoadMap(/Game/ThirdPersonBP/Maps/UEDPIE_0_ProceduralMap)
[2017.09.27-11.35.49:231][839]LogTemp: Repeting last play command: Selected Viewport
[2017.09.27-11.35.49:247][839]LogPlayLevel: PlayLevel: No blueprints needed recompiling
[2017.09.27-11.35.49:247][839]PIE: New page: PIE session: ProceduralMap (27 Sep 2017 13:35:49)
[2017.09.27-11.35.49:247][839]LogPlayLevel: Creating play world package: /Game/ThirdPersonBP/Maps/UEDPIE_0_ProceduralMap
[2017.09.27-11.35.49:249][839]LogPlayLevel: PIE: StaticDuplicateObject took: (0.001888s)
[2017.09.27-11.35.49:250][839]LogAIModule: Creating AISystem for world ProceduralMap
[2017.09.27-11.35.49:250][839]LogPlayLevel: PIE: World Init took: (0.000831s)
[2017.09.27-11.35.49:250][839]LogPlayLevel: PIE: Created PIE world by copying editor world from /Game/ThirdPersonBP/Maps/ProceduralMap.ProceduralMap to /Game/ThirdPersonBP/Maps/UEDPIE_0_ProceduralMap.ProceduralMap (0.002936s)
[2017.09.27-11.35.49:264][839]LogInit: XAudio2 using 'Speakers (Conexant HD Audio)' : 2 channels at 44.1 kHz using 16 bits per sample (channel mask 0x3)
[2017.09.27-11.35.49:275][839]LogInit: FAudioDevice initialized.
[2017.09.27-11.35.49:304][839]LogLoad: Game class is 'RunnerGameMode_C'
[2017.09.27-11.35.49:309][839]LogWorld: Bringing World /Game/ThirdPersonBP/Maps/UEDPIE_0_ProceduralMap.ProceduralMap up for play (max tick rate 0) at 2017.09.27-12.35.49
[2017.09.27-11.35.49:309][839]LogWorld: Bringing up level for play took: 0.002380
[2017.09.27-11.35.49:341][839]PIE: Info Play in editor start time for /Game/ThirdPersonBP/Maps/UEDPIE_0_ProceduralMap -0.271
[2017.09.27-11.35.58:381][677]LogTemp: Repeting last play command: Selected Viewport
[2017.09.27-11.35.58:424][677]LogPlayLevel: PlayLevel: No blueprints needed recompiling
[2017.09.27-11.35.58:424][677]PIE: New page: PIE session: ProceduralMap (27 Sep 2017 13:35:58)
[2017.09.27-11.35.58:425][677]LogPlayLevel: Creating play world package: /Game/ThirdPersonBP/Maps/UEDPIE_0_ProceduralMap
[2017.09.27-11.35.58:427][677]LogPlayLevel: PIE: StaticDuplicateObject took: (0.002604s)
[2017.09.27-11.35.58:428][677]LogAIModule: Creating AISystem for world ProceduralMap
[2017.09.27-11.35.58:428][677]LogPlayLevel: PIE: World Init took: (0.001037s)
[2017.09.27-11.35.58:428][677]LogPlayLevel: PIE: Created PIE world by copying editor world from /Game/ThirdPersonBP/Maps/ProceduralMap.ProceduralMap to /Game/ThirdPersonBP/Maps/UEDPIE_0_ProceduralMap.ProceduralMap (0.003900s)
[2017.09.27-11.35.58:460][677]LogInit: XAudio2 using 'Speakers (Conexant HD Audio)' : 2 channels at 44.1 kHz using 16 bits per sample (channel mask 0x3)
[2017.09.27-11.35.58:478][677]LogInit: FAudioDevice initialized.
[2017.09.27-11.35.58:514][677]LogLoad: Game class is 'RunnerGameMode_C'
[2017.09.27-11.35.58:518][677]LogWorld: Bringing World /Game/ThirdPersonBP/Maps/UEDPIE_0_ProceduralMap.ProceduralMap up for play (max tick rate 0) at 2017.09.27-12.35.58
[2017.09.27-11.35.58:519][677]LogWorld: Bringing up level for play took: 0.002028
[2017.09.27-11.35.58:546][677]PIE: Info Play in editor start time for /Game/ThirdPersonBP/Maps/UEDPIE_0_ProceduralMap 0.933
[2017.09.27-11.36.01:690][ 51]Cmd: RestartLevel
[2017.09.27-11.36.01:698][ 52]LogNet: Browse: /Game/ThirdPersonBP/Maps/ProceduralMap?restart
[2017.09.27-11.36.01:698][ 52]LogLoad: LoadMap: /Game/ThirdPersonBP/Maps/ProceduralMap
[2017.09.27-11.36.01:710][ 52]Cmd: MEM
[2017.09.27-11.36.01:718][ 52]LogMemory: Platform Memory Stats for Windows
[2017.09.27-11.36.01:718][ 52]LogMemory: Process Physical Memory: 1054.38 MB used, 1094.64 MB peak
[2017.09.27-11.36.01:718][ 52]LogMemory: Process Virtual Memory: 1559.36 MB used, 1683.83 MB peak
[2017.09.27-11.36.01:718][ 52]LogMemory: Physical Memory: 7327.89 MB used,  8933.85 MB free, 16261.73 MB total
[2017.09.27-11.36.01:718][ 52]LogMemory: Virtual Memory: 2280.01 MB used,  8933.85 MB free, 8388608.00 MB total
[2017.09.27-11.36.01:718][ 52]LogMemory: 
[2017.09.27-11.36.01:718][ 52]Allocator Stats for TBB: (not implemented)
[2017.09.27-11.36.01:718][ 52]LogPlayLevel: Creating play world package: /Game/ThirdPersonBP/Maps/UEDPIE_0_ProceduralMap
[2017.09.27-11.36.01:720][ 52]LogPlayLevel: PIE: StaticDuplicateObject took: (0.001506s)
[2017.09.27-11.36.01:720][ 52]LogAIModule: Creating AISystem for world ProceduralMap
[2017.09.27-11.36.01:720][ 52]LogPlayLevel: PIE: World Init took: (0.000653s)
[2017.09.27-11.36.01:720][ 52]LogPlayLevel: PIE: Created PIE world by copying editor world from /Game/ThirdPersonBP/Maps/ProceduralMap.ProceduralMap to /Game/ThirdPersonBP/Maps/UEDPIE_0_ProceduralMap.ProceduralMap (0.002339s)
[2017.09.27-11.36.01:720][ 52]LogLoad: Game class is 'RunnerGameMode_C'
[2017.09.27-11.36.01:722][ 52]LogWorld: Bringing World /Game/ThirdPersonBP/Maps/UEDPIE_0_ProceduralMap.ProceduralMap up for play (max tick rate 0) at 2017.09.27-12.36.01
[2017.09.27-11.36.01:722][ 52]LogWorld: Bringing up level for play took: 0.000791
[2017.09.27-11.36.01:733][ 52]LogLoad: Took 0.034886 seconds to LoadMap(/Game/ThirdPersonBP/Maps/UEDPIE_0_ProceduralMap)
[2017.09.27-11.36.05:121][457]Cmd: RestartLevel
[2017.09.27-11.36.05:129][458]LogNet: Browse: /Game/ThirdPersonBP/Maps/ProceduralMap?restart
[2017.09.27-11.36.05:129][458]LogLoad: LoadMap: /Game/ThirdPersonBP/Maps/ProceduralMap
[2017.09.27-11.36.05:142][458]Cmd: MEM
[2017.09.27-11.36.05:150][458]LogMemory: Platform Memory Stats for Windows
[2017.09.27-11.36.05:150][458]LogMemory: Process Physical Memory: 1054.39 MB used, 1094.64 MB peak
[2017.09.27-11.36.05:150][458]LogMemory: Process Virtual Memory: 1532.45 MB used, 1683.83 MB peak
[2017.09.27-11.36.05:150][458]LogMemory: Physical Memory: 7327.66 MB used,  8934.07 MB free, 16261.73 MB total
[2017.09.27-11.36.05:150][458]LogMemory: Virtual Memory: 2253.13 MB used,  8934.07 MB free, 8388608.00 MB total
[2017.09.27-11.36.05:150][458]LogMemory: 
[2017.09.27-11.36.05:150][458]Allocator Stats for TBB: (not implemented)
[2017.09.27-11.36.05:150][458]LogPlayLevel: Creating play world package: /Game/ThirdPersonBP/Maps/UEDPIE_0_ProceduralMap
[2017.09.27-11.36.05:151][458]LogPlayLevel: PIE: StaticDuplicateObject took: (0.001504s)
[2017.09.27-11.36.05:152][458]LogAIModule: Creating AISystem for world ProceduralMap
[2017.09.27-11.36.05:152][458]LogPlayLevel: PIE: World Init took: (0.000622s)
[2017.09.27-11.36.05:152][458]LogPlayLevel: PIE: Created PIE world by copying editor world from /Game/ThirdPersonBP/Maps/ProceduralMap.ProceduralMap to /Game/ThirdPersonBP/Maps/UEDPIE_0_ProceduralMap.ProceduralMap (0.002302s)
[2017.09.27-11.36.05:152][458]LogLoad: Game class is 'RunnerGameMode_C'
[2017.09.27-11.36.05:154][458]LogWorld: Bringing World /Game/ThirdPersonBP/Maps/UEDPIE_0_ProceduralMap.ProceduralMap up for play (max tick rate 0) at 2017.09.27-12.36.05
[2017.09.27-11.36.05:154][458]LogWorld: Bringing up level for play took: 0.000776
[2017.09.27-11.36.05:165][458]LogLoad: Took 0.036049 seconds to LoadMap(/Game/ThirdPersonBP/Maps/UEDPIE_0_ProceduralMap)
[2017.09.27-11.36.08:552][863]Cmd: RestartLevel
[2017.09.27-11.36.08:560][864]LogNet: Browse: /Game/ThirdPersonBP/Maps/ProceduralMap?restart
[2017.09.27-11.36.08:560][864]LogLoad: LoadMap: /Game/ThirdPersonBP/Maps/ProceduralMap
[2017.09.27-11.36.08:572][864]Cmd: MEM
[2017.09.27-11.36.08:580][864]LogMemory: Platform Memory Stats for Windows
[2017.09.27-11.36.08:580][864]LogMemory: Process Physical Memory: 1054.40 MB used, 1094.64 MB peak
[2017.09.27-11.36.08:580][864]LogMemory: Process Virtual Memory: 1580.53 MB used, 1683.83 MB peak
[2017.09.27-11.36.08:580][864]LogMemory: Physical Memory: 7327.66 MB used,  8934.08 MB free, 16261.73 MB total
[2017.09.27-11.36.08:580][864]LogMemory: Virtual Memory: 2301.13 MB used,  8934.08 MB free, 8388608.00 MB total
[2017.09.27-11.36.08:580][864]LogMemory: 
[2017.09.27-11.36.08:580][864]Allocator Stats for TBB: (not implemented)
[2017.09.27-11.36.08:580][864]LogPlayLevel: Creating play world package: /Game/ThirdPersonBP/Maps/UEDPIE_0_ProceduralMap
[2017.09.27-11.36.08:582][864]LogPlayLevel: PIE: StaticDuplicateObject took: (0.001687s)
[2017.09.27-11.36.08:583][864]LogAIModule: Creating AISystem for world ProceduralMap
[2017.09.27-11.36.08:583][864]LogPlayLevel: PIE: World Init took: (0.000971s)
[2017.09.27-11.36.08:583][864]LogPlayLevel: PIE: Created PIE world by copying editor world from /Game/ThirdPersonBP/Maps/ProceduralMap.ProceduralMap to /Game/ThirdPersonBP/Maps/UEDPIE_0_ProceduralMap.ProceduralMap (0.002890s)
[2017.09.27-11.36.08:583][864]LogLoad: Game class is 'RunnerGameMode_C'
[2017.09.27-11.36.08:585][864]LogWorld: Bringing World /Game/ThirdPersonBP/Maps/UEDPIE_0_ProceduralMap.ProceduralMap up for play (max tick rate 0) at 2017.09.27-12.36.08
[2017.09.27-11.36.08:586][864]LogWorld: Bringing up level for play took: 0.001554
[2017.09.27-11.36.08:599][864]LogLoad: Took 0.038990 seconds to LoadMap(/Game/ThirdPersonBP/Maps/UEDPIE_0_ProceduralMap)
[2017.09.27-11.36.23:405][633]Cmd: RestartLevel
[2017.09.27-11.36.23:413][634]LogNet: Browse: /Game/ThirdPersonBP/Maps/ProceduralMap?restart
[2017.09.27-11.36.23:413][634]LogLoad: LoadMap: /Game/ThirdPersonBP/Maps/ProceduralMap
[2017.09.27-11.36.23:425][634]Cmd: MEM
[2017.09.27-11.36.23:433][634]LogMemory: Platform Memory Stats for Windows
[2017.09.27-11.36.23:433][634]LogMemory: Process Physical Memory: 1054.43 MB used, 1094.64 MB peak
[2017.09.27-11.36.23:433][634]LogMemory: Process Virtual Memory: 1556.49 MB used, 1683.83 MB peak
[2017.09.27-11.36.23:433][634]LogMemory: Physical Memory: 7327.13 MB used,  8934.60 MB free, 16261.73 MB total
[2017.09.27-11.36.23:433][634]LogMemory: Virtual Memory: 2277.13 MB used,  8934.60 MB free, 8388608.00 MB total
[2017.09.27-11.36.23:433][634]LogMemory: 
[2017.09.27-11.36.23:434][634]Allocator Stats for TBB: (not implemented)
[2017.09.27-11.36.23:434][634]LogPlayLevel: Creating play world package: /Game/ThirdPersonBP/Maps/UEDPIE_0_ProceduralMap
[2017.09.27-11.36.23:435][634]LogPlayLevel: PIE: StaticDuplicateObject took: (0.001528s)
[2017.09.27-11.36.23:436][634]LogAIModule: Creating AISystem for world ProceduralMap
[2017.09.27-11.36.23:436][634]LogPlayLevel: PIE: World Init took: (0.000645s)
[2017.09.27-11.36.23:436][634]LogPlayLevel: PIE: Created PIE world by copying editor world from /Game/ThirdPersonBP/Maps/ProceduralMap.ProceduralMap to /Game/ThirdPersonBP/Maps/UEDPIE_0_ProceduralMap.ProceduralMap (0.002354s)
[2017.09.27-11.36.23:436][634]LogLoad: Game class is 'RunnerGameMode_C'
[2017.09.27-11.36.23:438][634]LogWorld: Bringing World /Game/ThirdPersonBP/Maps/UEDPIE_0_ProceduralMap.ProceduralMap up for play (max tick rate 0) at 2017.09.27-12.36.23
[2017.09.27-11.36.23:438][634]LogWorld: Bringing up level for play took: 0.000795
[2017.09.27-11.36.23:449][634]LogLoad: Took 0.035890 seconds to LoadMap(/Game/ThirdPersonBP/Maps/UEDPIE_0_ProceduralMap)
[2017.09.27-11.55.26:614][270]Cmd: QUIT_EDITOR
[2017.09.27-11.55.26:772][270]LogExit: Preparing to exit.
[2017.09.27-11.55.27:926][270]LogExit: Editor shut down
[2017.09.27-11.55.27:937][270]LogExit: Transaction tracking system shut down
[2017.09.27-11.55.28:475][270]LogObj: Freed 0b from 0 cluster array pools.
[2017.09.27-11.55.28:475][270]LogExit: Object subsystem successfully closed.
[2017.09.27-11.55.28:547][270]LogD3D11RHI: Shutdown
[2017.09.27-11.55.28:547][270]LogD3D11RHI: CleanupD3DDevice
[2017.09.27-11.55.28:633][270]LogD3D11RHI: ~FD3D11DynamicRHI
[2017.09.27-11.55.29:122][270]LogModuleManager: Shutting down and abandoning module MovieSceneCapture (526)
[2017.09.27-11.55.29:122][270]LogModuleManager: Shutting down and abandoning module HierarchicalLODOutliner (524)
[2017.09.27-11.55.29:129][270]LogModuleManager: Shutting down and abandoning module CrashTracker (522)
[2017.09.27-11.55.29:129][270]LogModuleManager: Shutting down and abandoning module SceneOutliner (520)
[2017.09.27-11.55.29:129][270]LogModuleManager: Shutting down and abandoning module AddContentDialog (518)
[2017.09.27-11.55.29:129][270]LogDirectoryWatcher: A directory notification for 'C:/Program Files/Epic Games/UE_4.16/FeaturePacks/' was aborted.
[2017.09.27-11.55.29:132][270]LogModuleManager: Shutting down and abandoning module WidgetCarousel (517)
[2017.09.27-11.55.29:132][270]LogModuleManager: Shutting down and abandoning module EditorWidgets (514)
[2017.09.27-11.55.29:132][270]LogModuleManager: Shutting down and abandoning module CollectionManager (512)
[2017.09.27-11.55.29:132][270]LogDirectoryWatcher: A directory notification for 'F:/Runner1/Content/Collections/' was aborted.
[2017.09.27-11.55.29:132][270]LogDirectoryWatcher: A directory notification for 'F:/Runner1/Content/Developers/Games/Collections/' was aborted.
[2017.09.27-11.55.29:132][270]LogDirectoryWatcher: A directory notification for 'F:/Runner1/Saved/Collections/' was aborted.
[2017.09.27-11.55.29:132][270]LogModuleManager: Shutting down and abandoning module StatsViewer (510)
[2017.09.27-11.55.29:132][270]LogModuleManager: Shutting down and abandoning module FoliageEdit (508)
[2017.09.27-11.55.29:132][270]LogModuleManager: Shutting down and abandoning module LandscapeEditor (506)
[2017.09.27-11.55.29:149][270]LogModuleManager: Shutting down and abandoning module MeshPaintMode (504)
[2017.09.27-11.55.29:149][270]LogModuleManager: Shutting down and abandoning module SceneDepthPickerMode (502)
[2017.09.27-11.55.29:149][270]LogModuleManager: Shutting down and abandoning module ActorPickerMode (500)
[2017.09.27-11.55.29:149][270]LogModuleManager: Shutting down and abandoning module GeometryMode (498)
[2017.09.27-11.55.29:149][270]LogModuleManager: Shutting down and abandoning module TextureAlignMode (496)
[2017.09.27-11.55.29:149][270]LogModuleManager: Shutting down and abandoning module BspMode (494)
[2017.09.27-11.55.29:150][270]LogModuleManager: Shutting down and abandoning module HardwareSurvey (492)
[2017.09.27-11.55.29:150][270]LogModuleManager: Shutting down and abandoning module SequenceRecorderSections (490)
[2017.09.27-11.55.29:150][270]LogModuleManager: Shutting down and abandoning module AutomationWorker (488)
[2017.09.27-11.55.29:150][270]LogModuleManager: Shutting down and abandoning module MatineeToLevelSequence (486)
[2017.09.27-11.55.29:150][270]LogModuleManager: Shutting down and abandoning module LevelSequenceEditor (484)
[2017.09.27-11.55.29:288][270]LogModuleManager: Shutting down and abandoning module PlacementMode (483)
[2017.09.27-11.55.29:288][270]LogModuleManager: Shutting down and abandoning module WmfMediaFactory (480)
[2017.09.27-11.55.29:288][270]LogModuleManager: Shutting down and abandoning module WmfMediaEditor (478)
[2017.09.27-11.55.29:288][270]LogModuleManager: Shutting down and abandoning module AvfMediaFactory (476)
[2017.09.27-11.55.29:288][270]LogModuleManager: Shutting down and abandoning module AvfMediaEditor (474)
[2017.09.27-11.55.29:288][270]LogModuleManager: Shutting down and abandoning module AndroidMediaFactory (472)
[2017.09.27-11.55.29:288][270]LogModuleManager: Shutting down and abandoning module Media (471)
[2017.09.27-11.55.29:288][270]LogModuleManager: Shutting down and abandoning module AndroidMediaEditor (468)
[2017.09.27-11.55.29:288][270]LogModuleManager: Shutting down and abandoning module CharacterAI (466)
[2017.09.27-11.55.29:288][270]LogModuleManager: Shutting down and abandoning module AudioCapture (464)
[2017.09.27-11.55.29:288][270]LogModuleManager: Shutting down and abandoning module SequenceRecorder (463)
[2017.09.27-11.55.29:288][270]LogModuleManager: Shutting down and abandoning module SmartSnapping (460)
[2017.09.27-11.55.29:288][270]LogModuleManager: Shutting down and abandoning module SessionServices (458)
[2017.09.27-11.55.29:288][270]LogModuleManager: Shutting down and abandoning module ViewportSnapping (456)
[2017.09.27-11.55.29:288][270]LogModuleManager: Shutting down and abandoning module ViewportInteraction (454)
[2017.09.27-11.55.29:288][270]LogModuleManager: Shutting down and abandoning module ClothPainter (452)
[2017.09.27-11.55.29:317][270]LogModuleManager: Shutting down and abandoning module LogVisualizer (450)
[2017.09.27-11.55.29:350][270]LogModuleManager: Shutting down and abandoning module IntroTutorials (448)
[2017.09.27-11.55.29:350][270]LogModuleManager: Shutting down and abandoning module GameProjectGeneration (447)
[2017.09.27-11.55.29:408][270]LogModuleManager: Shutting down and abandoning module EditorLiveStreaming (444)
[2017.09.27-11.55.29:409][270]LogModuleManager: Shutting down and abandoning module IOSPlatformEditor (442)
[2017.09.27-11.55.29:409][270]LogModuleManager: Shutting down and abandoning module HTML5PlatformEditor (440)
[2017.09.27-11.55.29:409][270]LogModuleManager: Shutting down and abandoning module AndroidPlatformEditor (438)
[2017.09.27-11.55.29:409][270]LogModuleManager: Shutting down and abandoning module AndroidDeviceDetection (437)
[2017.09.27-11.55.30:156][270]LogModuleManager: Shutting down and abandoning module IOSRuntimeSettings (434)
[2017.09.27-11.55.30:156][270]LogModuleManager: Shutting down and abandoning module AndroidRuntimeSettings (432)
[2017.09.27-11.55.30:156][270]LogModuleManager: Shutting down and abandoning module InputBindingEditor (430)
[2017.09.27-11.55.30:178][270]LogModuleManager: Shutting down and abandoning module MergeActors (428)
[2017.09.27-11.55.30:209][270]LogModuleManager: Shutting down and abandoning module SizeMap (426)
[2017.09.27-11.55.30:209][270]LogModuleManager: Shutting down and abandoning module TreeMap (424)
[2017.09.27-11.55.30:219][270]LogModuleManager: Shutting down and abandoning module ReferenceViewer (422)
[2017.09.27-11.55.30:219][270]LogModuleManager: Shutting down and abandoning module LocalizationDashboard (420)
[2017.09.27-11.55.30:230][270]LogModuleManager: Shutting down and abandoning module LocalizationService (419)
[2017.09.27-11.55.30:231][270]LogModuleManager: Shutting down and abandoning module HardwareTargeting (416)
[2017.09.27-11.55.30:266][270]LogModuleManager: Shutting down and abandoning module DeviceProfileEditor (414)
[2017.09.27-11.55.30:289][270]LogModuleManager: Shutting down and abandoning module UndoHistory (412)
[2017.09.27-11.55.30:290][270]LogModuleManager: Shutting down and abandoning module UserFeedback (410)
[2017.09.27-11.55.30:290][270]LogModuleManager: Shutting down and abandoning module XmlParser (408)
[2017.09.27-11.55.30:290][270]LogModuleManager: Shutting down and abandoning module Blutility (406)
[2017.09.27-11.55.30:290][270]LogModuleManager: Shutting down and abandoning module ProjectSettingsViewer (404)
[2017.09.27-11.55.30:290][270]LogModuleManager: Shutting down and abandoning module ProjectTargetPlatformEditor (403)
[2017.09.27-11.55.30:290][270]LogModuleManager: Shutting down and abandoning module EditorSettingsViewer (400)
[2017.09.27-11.55.30:290][270]LogModuleManager: Shutting down and abandoning module SettingsEditor (398)
[2017.09.27-11.55.30:298][270]LogModuleManager: Shutting down and abandoning module ProjectLauncher (396)
[2017.09.27-11.55.30:312][270]LogModuleManager: Shutting down and abandoning module SessionFrontend (394)
[2017.09.27-11.55.30:326][270]LogModuleManager: Shutting down and abandoning module ProfilerClient (392)
[2017.09.27-11.55.30:335][270]LogModuleManager: Shutting down and abandoning module DeviceManager (390)
[2017.09.27-11.55.30:346][270]LogModuleManager: Shutting down and abandoning module TargetDeviceServices (389)
[2017.09.27-11.55.30:397][270]LogModuleManager: Shutting down and abandoning module AutomationController (386)
[2017.09.27-11.55.30:397][270]LogModuleManager: Shutting down and abandoning module AutomationWindow (384)
[2017.09.27-11.55.30:418][270]LogModuleManager: Shutting down and abandoning module Layers (382)
[2017.09.27-11.55.30:430][270]LogModuleManager: Shutting down and abandoning module ComponentVisualizers (380)
[2017.09.27-11.55.30:430][270]LogModuleManager: Shutting down and abandoning module DetailCustomizations (378)
[2017.09.27-11.55.30:444][270]LogModuleManager: Shutting down and abandoning module PackagesDialog (376)
[2017.09.27-11.55.30:459][270]LogModuleManager: Shutting down and abandoning module Persona (374)
[2017.09.27-11.55.30:477][270]LogModuleManager: Shutting down and abandoning module AdvancedPreviewScene (373)
[2017.09.27-11.55.30:477][270]LogModuleManager: Shutting down and abandoning module AnimGraph (371)
[2017.09.27-11.55.30:477][270]LogModuleManager: Shutting down and abandoning module Kismet (368)
[2017.09.27-11.55.30:478][270]LogModuleManager: Shutting down and abandoning module ClassViewer (366)
[2017.09.27-11.55.30:478][270]LogModuleManager: Shutting down and abandoning module Toolbox (364)
[2017.09.27-11.55.30:478][270]LogModuleManager: Shutting down and abandoning module ModuleUI (362)
[2017.09.27-11.55.30:505][270]LogModuleManager: Shutting down and abandoning module MovieSceneTools (360)
[2017.09.27-11.55.30:505][270]LogModuleManager: Shutting down and abandoning module OutputLog (358)
[2017.09.27-11.55.30:505][270]LogModuleManager: Shutting down and abandoning module GammaUI (356)
[2017.09.27-11.55.30:516][270]LogModuleManager: Shutting down and abandoning module Documentation (354)
[2017.09.27-11.55.30:516][270]LogModuleManager: Shutting down and abandoning module MovieSceneTracks (352)
[2017.09.27-11.55.30:516][270]LogModuleManager: Shutting down and abandoning module MovieScene (350)
[2017.09.27-11.55.30:516][270]LogModuleManager: Shutting down and abandoning module Niagara (348)
[2017.09.27-11.55.30:517][270]LogModuleManager: Shutting down and abandoning module NiagaraEditor (347)
[2017.09.27-11.55.30:531][270]LogModuleManager: Shutting down and abandoning module StreamingPauseRendering (344)
[2017.09.27-11.55.30:532][270]LogModuleManager: Shutting down and abandoning module AnalyticsET (342)
[2017.09.27-11.55.30:532][270]LogModuleManager: Shutting down and abandoning module PortalServices (340)
[2017.09.27-11.55.30:532][270]LogModuleManager: Shutting down and abandoning module PortalRpc (338)
[2017.09.27-11.55.30:532][270]LogModuleManager: Shutting down and abandoning module MessagingRpc (336)
[2017.09.27-11.55.30:532][270]LogModuleManager: Shutting down and abandoning module AIModule (334)
[2017.09.27-11.55.30:532][270]LogModuleManager: Shutting down and abandoning module GameplayDebugger (333)
[2017.09.27-11.55.30:532][270]LogModuleManager: Shutting down and abandoning module AITestSuite (331)
[2017.09.27-11.55.30:532][270]LogModuleManager: Shutting down and abandoning module ProfilerService (328)
[2017.09.27-11.55.30:588][270]LogModuleManager: Shutting down and abandoning module TaskGraph (326)
[2017.09.27-11.55.30:612][270]LogModuleManager: Shutting down and abandoning module SteamVRController (324)
[2017.09.27-11.55.30:612][270]LogModuleManager: Shutting down and abandoning module SteamVR (322)
[2017.09.27-11.55.30:612][270]LogModuleManager: Shutting down and abandoning module ProceduralMeshComponentEditor (320)
[2017.09.27-11.55.30:613][270]LogModuleManager: Shutting down and abandoning module ProceduralMeshComponent (318)
[2017.09.27-11.55.30:613][270]LogModuleManager: Shutting down and abandoning module OculusLibrary (316)
[2017.09.27-11.55.30:613][270]LogModuleManager: Shutting down and abandoning module OculusInput (314)
[2017.09.27-11.55.30:613][270]LogModuleManager: Shutting down and abandoning module MobilePatchingUtils (312)
[2017.09.27-11.55.30:613][270]LogModuleManager: Shutting down and abandoning module CustomMeshComponent (310)
[2017.09.27-11.55.30:613][270]LogModuleManager: Shutting down and abandoning module CableComponent (308)
[2017.09.27-11.55.30:613][270]LogModuleManager: Shutting down and abandoning module ArchVisCharacter (306)
[2017.09.27-11.55.30:613][270]LogModuleManager: Shutting down and abandoning module AndroidPermission (304)
[2017.09.27-11.55.30:613][270]LogModuleManager: Shutting down and abandoning module MediaPlayerEditor (300)
[2017.09.27-11.55.30:626][270]LogModuleManager: Shutting down and abandoning module HTML5Networking (298)
[2017.09.27-11.55.30:626][270]LogModuleManager: Shutting down and abandoning module AlembicImporter (296)
[2017.09.27-11.55.30:636][270]LogModuleManager: Shutting down and abandoning module AlembicLibrary (295)
[2017.09.27-11.55.30:636][270]LogModuleManager: Shutting down and abandoning module GeometryCache (294)
[2017.09.27-11.55.30:636][270]LogModuleManager: Shutting down and abandoning module GeometryCacheEd (293)
[2017.09.27-11.55.30:636][270]LogModuleManager: Shutting down and abandoning module SuperSearchEditor (288)
[2017.09.27-11.55.30:636][270]LogModuleManager: Shutting down and abandoning module SuperSearch (287)
[2017.09.27-11.55.30:636][270]LogModuleManager: Shutting down and abandoning module SpeedTreeImporter (284)
[2017.09.27-11.55.30:636][270]LogModuleManager: Shutting down and abandoning module PluginBrowser (282)
[2017.09.27-11.55.30:636][270]LogModuleManager: Shutting down and abandoning module MobileLauncherProfileWizard (280)
[2017.09.27-11.55.30:644][270]LogModuleManager: Shutting down and abandoning module VisualStudioSourceCodeAccess (278)
[2017.09.27-11.55.30:644][270]LogModuleManager: Shutting down and abandoning module DesktopPlatform (277)
[2017.09.27-11.55.30:644][270]LogModuleManager: Shutting down and abandoning module UObjectPlugin (274)
[2017.09.27-11.55.30:644][270]LogModuleManager: Shutting down and abandoning module SubversionSourceControl (272)
[2017.09.27-11.55.30:644][270]LogModuleManager: Shutting down and abandoning module PerforceSourceControl (270)
[2017.09.27-11.55.30:657][270]LogModuleManager: Shutting down and abandoning module GitSourceControl (268)
[2017.09.27-11.55.30:657][270]LogModuleManager: Shutting down and abandoning module SourceControl (267)
[2017.09.27-11.55.30:657][270]LogModuleManager: Shutting down and abandoning module LightPropagationVolumeEditor (264)
[2017.09.27-11.55.30:657][270]LogModuleManager: Shutting down and abandoning module PaperTiledImporter (262)
[2017.09.27-11.55.30:657][270]LogModuleManager: Shutting down and abandoning module PaperSpriteSheetImporter (260)
[2017.09.27-11.55.30:657][270]LogModuleManager: Shutting down and abandoning module Paper2DEditor (258)
[2017.09.27-11.55.30:672][270]LogModuleManager: Shutting down and abandoning module MeshPaint (257)
[2017.09.27-11.55.30:672][270]LogModuleManager: Shutting down and abandoning module LevelEditor (255)
[2017.09.27-11.55.30:674][270]LogModuleManager: Shutting down and abandoning module PixelInspectorModule (254)
[2017.09.27-11.55.30:674][270]LogModuleManager: Shutting down and abandoning module MainFrame (252)
[2017.09.27-11.55.30:674][270]LogModuleManager: Shutting down and abandoning module HotReload (251)
[2017.09.27-11.55.30:676][270]LogModuleManager: Shutting down and abandoning module PhysXVehiclesEditor (246)
[2017.09.27-11.55.30:691][270]LogModuleManager: Shutting down and abandoning module PhysXVehicles (244)
[2017.09.27-11.55.30:691][270]LogModuleManager: Shutting down and abandoning module LocationServicesBPLibrary (242)
[2017.09.27-11.55.30:691][270]LogModuleManager: Shutting down and abandoning module ImmediatePhysicsEditor (240)
[2017.09.27-11.55.30:691][270]LogModuleManager: Shutting down and abandoning module ImmediatePhysics (238)
[2017.09.27-11.55.30:691][270]LogModuleManager: Shutting down and abandoning module UdpMessaging (236)
[2017.09.27-11.55.30:791][270]LogModuleManager: Shutting down and abandoning module TcpMessaging (234)
[2017.09.27-11.55.30:891][270]LogModuleManager: Shutting down and abandoning module GameplayTagsEditor (232)
[2017.09.27-11.55.30:904][270]LogModuleManager: Shutting down and abandoning module FacialAnimationEditor (230)
[2017.09.27-11.55.30:913][270]LogModuleManager: Shutting down and abandoning module FacialAnimation (228)
[2017.09.27-11.55.30:913][270]LogModuleManager: Shutting down and abandoning module AssetManagerEditor (226)
[2017.09.27-11.55.30:952][270]LogModuleManager: Shutting down and abandoning module GraphEditor (225)
[2017.09.27-11.55.31:020][270]LogModuleManager: Shutting down and abandoning module ContentBrowser (223)
[2017.09.27-11.55.31:022][270]LogModuleManager: Shutting down and abandoning module LightPropagationVolumeRuntime (220)
[2017.09.27-11.55.31:022][270]LogModuleManager: Shutting down and abandoning module Paper2D (218)
[2017.09.27-11.55.31:022][270]LogModuleManager: Shutting down and abandoning module WindowsMoviePlayer (216)
[2017.09.27-11.55.31:022][270]LogModuleManager: Shutting down and abandoning module WmfMedia (214)
[2017.09.27-11.55.31:024][270]LogModuleManager: Shutting down and abandoning module ClothingSystemEditor (212)
[2017.09.27-11.55.31:024][270]LogModuleManager: Shutting down and abandoning module ClothingSystemRuntime (210)
[2017.09.27-11.55.31:078][270]LogModuleManager: Shutting down and abandoning module MediaAssets (208)
[2017.09.27-11.55.31:078][270]LogModuleManager: Shutting down and abandoning module GameLiveStreaming (206)
[2017.09.27-11.55.31:078][270]LogModuleManager: Shutting down and abandoning module VREditor (204)
[2017.09.27-11.55.31:078][270]LogModuleManager: Shutting down and abandoning module StringTableEditor (202)
[2017.09.27-11.55.31:127][270]LogModuleManager: Shutting down and abandoning module GameplayTasksEditor (200)
[2017.09.27-11.55.31:127][270]LogModuleManager: Shutting down and abandoning module BehaviorTreeEditor (198)
[2017.09.27-11.55.31:224][270]LogModuleManager: Shutting down and abandoning module FunctionalTesting (196)
[2017.09.27-11.55.31:225][270]LogModuleManager: Shutting down and abandoning module CollisionAnalyzer (194)
[2017.09.27-11.55.31:289][270]LogModuleManager: Shutting down and abandoning module UMG (192)
[2017.09.27-11.55.31:289][270]LogModuleManager: Shutting down and abandoning module UMGEditor (191)
[2017.09.27-11.55.31:344][270]LogModuleManager: Shutting down and abandoning module Sequencer (190)
[2017.09.27-11.55.31:345][270]LogModuleManager: Shutting down and abandoning module AssetTools (188)
[2017.09.27-11.55.31:409][270]LogModuleManager: Shutting down and abandoning module MessageLog (187)
[2017.09.27-11.55.31:409][270]LogModuleManager: Shutting down and abandoning module WorkspaceMenuStructure (186)
[2017.09.27-11.55.31:409][270]LogModuleManager: Shutting down and abandoning module SlateReflector (180)
[2017.09.27-11.55.31:431][270]LogModuleManager: Shutting down and abandoning module Slate (178)
[2017.09.27-11.55.31:431][270]LogModuleManager: Shutting down and abandoning module EditorStyle (176)
[2017.09.27-11.55.31:435][270]LogModuleManager: Shutting down and abandoning module SourceCodeAccess (174)
[2017.09.27-11.55.31:435][270]LogModuleManager: Shutting down and abandoning module HeadMountedDisplay (172)
[2017.09.27-11.55.31:435][270]LogModuleManager: Shutting down and abandoning module XAudio2 (170)
[2017.09.27-11.55.31:435][270]LogModuleManager: Shutting down and abandoning module Networking (168)
[2017.09.27-11.55.31:436][270]LogModuleManager: Shutting down and abandoning module Core (164)
[2017.09.27-11.55.31:436][270]LogModuleManager: Shutting down and abandoning module AssetRegistry (162)
[2017.09.27-11.55.31:502][270]LogDirectoryWatcher: A directory notification for '../../../Engine/Content/' was aborted.
[2017.09.27-11.55.31:502][270]LogDirectoryWatcher: A directory notification for 'F:/Runner1/Content/' was aborted.
[2017.09.27-11.55.31:502][270]LogDirectoryWatcher: A directory notification for '../../../Engine/Plugins/2D/Paper2D/Content/' was aborted.
[2017.09.27-11.55.31:502][270]LogDirectoryWatcher: A directory notification for '../../../Engine/Plugins/Runtime/GearVR/Content/' was aborted.
[2017.09.27-11.55.31:505][270]LogModuleManager: Shutting down and abandoning module DirectoryWatcher (161)
[2017.09.27-11.55.31:506][270]LogModuleManager: Shutting down and abandoning module KismetCompiler (158)
[2017.09.27-11.55.31:506][270]LogModuleManager: Shutting down and abandoning module PhysXFormats (156)
[2017.09.27-11.55.31:506][270]LogModuleManager: Shutting down and abandoning module MeshUtilities (154)
[2017.09.27-11.55.31:506][270]LogModuleManager: Shutting down and abandoning module SimplygonSwarm (153)
[2017.09.27-11.55.31:506][270]LogModuleManager: Shutting down and abandoning module SimplygonMeshReduction (151)
[2017.09.27-11.55.31:506][270]LogModuleManager: Shutting down and abandoning module QuadricMeshReduction (149)
[2017.09.27-11.55.31:506][270]LogModuleManager: Shutting down and abandoning module LevelSequence (146)
[2017.09.27-11.55.31:506][270]LogModuleManager: Shutting down and abandoning module DerivedDataCache (144)
[2017.09.27-11.55.31:587][270]LogDerivedDataCache: Shutdown
[2017.09.27-11.55.31:587][270]LogModuleManager: Shutting down and abandoning module TargetPlatform (142)
[2017.09.27-11.55.31:587][270]LogModuleManager: Shutting down and abandoning module VulkanShaderFormat (141)
[2017.09.27-11.55.31:587][270]LogModuleManager: Shutting down and abandoning module ShaderFormatVectorVM (139)
[2017.09.27-11.55.31:596][270]LogModuleManager: Shutting down and abandoning module ShaderFormatOpenGL (137)
[2017.09.27-11.55.31:614][270]LogModuleManager: Shutting down and abandoning module ShaderFormatD3D (135)
[2017.09.27-11.55.31:614][270]LogModuleManager: Shutting down and abandoning module MetalShaderFormat (133)
[2017.09.27-11.55.31:636][270]LogModuleManager: Shutting down and abandoning module TextureFormatUncompressed (131)
[2017.09.27-11.55.31:636][270]LogModuleManager: Shutting down and abandoning module TextureFormatPVR (129)
[2017.09.27-11.55.31:636][270]LogModuleManager: Shutting down and abandoning module TextureFormatDXT (127)
[2017.09.27-11.55.31:636][270]LogModuleManager: Shutting down and abandoning module TextureFormatIntelISPCTexComp (125)
[2017.09.27-11.55.31:636][270]LogModuleManager: Shutting down and abandoning module TextureFormatASTC (123)
[2017.09.27-11.55.31:636][270]LogModuleManager: Shutting down and abandoning module ImageWrapper (122)
[2017.09.27-11.55.31:636][270]LogModuleManager: Shutting down and abandoning module TextureFormatAndroid (119)
[2017.09.27-11.55.31:636][270]LogModuleManager: Shutting down and abandoning module AudioFormatOpus (117)
[2017.09.27-11.55.31:636][270]LogModuleManager: Shutting down and abandoning module AudioFormatOgg (115)
[2017.09.27-11.55.31:636][270]LogModuleManager: Shutting down and abandoning module AudioFormatADPCM (113)
[2017.09.27-11.55.31:636][270]LogModuleManager: Shutting down and abandoning module LinuxTargetPlatform (111)
[2017.09.27-11.55.31:636][270]LogModuleManager: Shutting down and abandoning module LinuxServerTargetPlatform (109)
[2017.09.27-11.55.31:636][270]LogModuleManager: Shutting down and abandoning module LinuxNoEditorTargetPlatform (107)
[2017.09.27-11.55.31:636][270]LogModuleManager: Shutting down and abandoning module LinuxClientTargetPlatform (105)
[2017.09.27-11.55.31:636][270]LogModuleManager: Shutting down and abandoning module TVOSTargetPlatform (103)
[2017.09.27-11.55.31:636][270]LogModuleManager: Shutting down and abandoning module Messaging (101)
[2017.09.27-11.55.31:636][270]LogModuleManager: Shutting down and abandoning module IOSTargetPlatform (99)
[2017.09.27-11.55.31:636][270]LogModuleManager: Shutting down and abandoning module HTML5TargetPlatform (97)
[2017.09.27-11.55.31:636][270]LogModuleManager: Shutting down and abandoning module Android_PVRTCTargetPlatform (95)
[2017.09.27-11.55.31:636][270]LogModuleManager: Shutting down and abandoning module Android_MultiTargetPlatform (93)
[2017.09.27-11.55.31:636][270]LogModuleManager: Shutting down and abandoning module Android_ETC2TargetPlatform (91)
[2017.09.27-11.55.31:636][270]LogModuleManager: Shutting down and abandoning module Android_ETC1TargetPlatform (89)
[2017.09.27-11.55.31:636][270]LogModuleManager: Shutting down and abandoning module Android_DXTTargetPlatform (87)
[2017.09.27-11.55.31:636][270]LogModuleManager: Shutting down and abandoning module Android_ATCTargetPlatform (85)
[2017.09.27-11.55.31:636][270]LogModuleManager: Shutting down and abandoning module Android_ASTCTargetPlatform (83)
[2017.09.27-11.55.31:636][270]LogModuleManager: Shutting down and abandoning module AndroidTargetPlatform (81)
[2017.09.27-11.55.31:636][270]LogModuleManager: Shutting down and abandoning module WindowsTargetPlatform (79)
[2017.09.27-11.55.31:636][270]LogModuleManager: Shutting down and abandoning module WindowsServerTargetPlatform (77)
[2017.09.27-11.55.31:636][270]LogModuleManager: Shutting down and abandoning module WindowsNoEditorTargetPlatform (75)
[2017.09.27-11.55.31:636][270]LogModuleManager: Shutting down and abandoning module WindowsClientTargetPlatform (73)
[2017.09.27-11.55.31:636][270]LogModuleManager: Shutting down and abandoning module MacTargetPlatform (71)
[2017.09.27-11.55.31:636][270]LogModuleManager: Shutting down and abandoning module MacServerTargetPlatform (69)
[2017.09.27-11.55.31:636][270]LogModuleManager: Shutting down and abandoning module MacNoEditorTargetPlatform (67)
[2017.09.27-11.55.31:636][270]LogModuleManager: Shutting down and abandoning module MacClientTargetPlatform (65)
[2017.09.27-11.55.31:636][270]LogModuleManager: Shutting down and abandoning module AllDesktopTargetPlatform (63)
[2017.09.27-11.55.31:636][270]LogModuleManager: Shutting down and abandoning module InputCore (60)
[2017.09.27-11.55.31:636][270]LogModuleManager: Shutting down and abandoning module Settings (58)
[2017.09.27-11.55.31:636][270]LogModuleManager: Shutting down and abandoning module OculusRift (56)
[2017.09.27-11.55.31:636][270]LogModuleManager: Shutting down and abandoning module GearVRController (54)
[2017.09.27-11.55.31:636][270]LogModuleManager: Shutting down and abandoning module GearVR (52)
[2017.09.27-11.55.31:642][270]LogModuleManager: Shutting down and abandoning module ExampleDeviceProfileSelector (50)
[2017.09.27-11.55.31:642][270]LogModuleManager: Shutting down and abandoning module OnlineBlueprintSupport (48)
[2017.09.27-11.55.31:642][270]LogModuleManager: Shutting down and abandoning module OnlineSubsystem (44)
[2017.09.27-11.55.31:642][270]LogOnline:Display: Unloading online subsystem: NULL
[2017.09.27-11.55.31:671][270]LogModuleManager: Shutting down and abandoning module XMPP (43)
[2017.09.27-11.55.31:683][270]LogModuleManager: Shutting down and abandoning module HTTP (41)
[2017.09.27-11.55.31:683][270]LogHttp:Display: Http module shutting down, but needs to wait on 1 outstanding Http requests:
[2017.09.27-11.55.31:683][270]LogHttp:Display: 	verb=[POST] url=[https://datarouter.ol.epicgames.com/datarouter/api/v1/public/data?SessionID=%7B5E154402-48A7-91C9-E5F2-EAB9761DD7E6%7D&AppID=UEEditor.Rocket.Release&AppVersion=4.16.0-3452394%2B%2B%2BUE4%2BRelease-4.16&UserID=b334491a47b2b4b9b5da6780768e17f8%7Cf492d71bb8a146f39f4069461f147dd3%7C511cb9c5-1614-41b2-967c-9bec92252184&AppEnvironment=datacollector-binary&UploadType=eteventstream] status=Processing
[2017.09.27-11.55.31:715][270]LogModuleManager: Shutting down and abandoning module SSL (40)
[2017.09.27-11.55.31:716][270]LogModuleManager: Shutting down and abandoning module HTTPChunkInstaller (36)
[2017.09.27-11.55.31:729][270]LogModuleManager: Shutting down and abandoning module AnimationModifiers (34)
[2017.09.27-11.55.31:741][270]LogModuleManager: Shutting down and abandoning module PropertyEditor (33)
[2017.09.27-11.55.31:741][270]LogModuleManager: Shutting down and abandoning module AudioEditor (30)
[2017.09.27-11.55.31:750][270]LogModuleManager: Shutting down and abandoning module TextureCompressor (28)
[2017.09.27-11.55.31:750][270]LogModuleManager: Shutting down and abandoning module ShaderCore (26)
[2017.09.27-11.55.31:750][270]LogModuleManager: Shutting down and abandoning module Landscape (24)
[2017.09.27-11.55.31:750][270]LogModuleManager: Shutting down and abandoning module SlateRHIRenderer (22)
[2017.09.27-11.55.31:762][270]LogModuleManager: Shutting down and abandoning module OpenGLDrv (20)
[2017.09.27-11.55.31:780][270]LogModuleManager: Shutting down and abandoning module D3D11RHI (18)
[2017.09.27-11.55.31:780][270]LogModuleManager: Shutting down and abandoning module AnimGraphRuntime (16)
[2017.09.27-11.55.31:780][270]LogModuleManager: Shutting down and abandoning module Renderer (14)
[2017.09.27-11.55.31:780][270]LogModuleManager: Shutting down and abandoning module Engine (12)
[2017.09.27-11.55.31:780][270]LogModuleManager: Shutting down and abandoning module CoreUObject (10)
[2017.09.27-11.55.31:780][270]LogModuleManager: Shutting down and abandoning module NetworkFile (8)
[2017.09.27-11.55.31:780][270]LogModuleManager: Shutting down and abandoning module StreamingFile (6)
[2017.09.27-11.55.31:780][270]LogModuleManager: Shutting down and abandoning module SandboxFile (4)
[2017.09.27-11.55.31:780][270]LogModuleManager: Shutting down and abandoning module PakFile (2)
[2017.09.27-11.55.31:781][270]LogExit: Exiting.
[2017.09.27-11.55.31:794][270]Log file closed, 09/27/17 12:55:31
