Log file open, 10/09/17 13:39:59
LogInit:Display: Running engine for game: Runner1
LogPlatformFile: Not using cached read wrapper
LogInit:Display: RandInit(-2131231232) SRandInit(-2131231232).
LogTaskGraph: Started task graph with 5 named threads and 8 total threads with 1 sets of task threads.
LogStats: Stats thread started at 0.095250
LogConfig:Warning: Failed to saved backup for config[Editor]
LogConfig:Warning: Failed to saved backup for config[Lightmass]
LogConfig:Warning: Failed to saved backup for config[Scalability]
LogConfig:Warning: Failed to saved backup for config[Hardware]
LogConfig:Warning: Failed to saved backup for config[Paper2D]
LogConfig:Warning: Failed to saved backup for config[GitSourceControl]
LogConfig:Warning: Failed to saved backup for config[PluginBrowser]
LogConfig:Warning: Failed to saved backup for config[AvfMedia]
LogConfig:Warning: Failed to saved backup for config[WmfMedia]
LogConfig:Warning: Failed to saved backup for config[CustomMeshComponent]
LogConfig:Warning: Failed to saved backup for config[ExampleDeviceProfileSelector]
LogConfig:Warning: Failed to saved backup for config[LocationServicesBPLibrary]
LogConfig:Warning: Failed to saved backup for config[PhysXVehicles]
LogInit: Using libcurl 7.47.1
LogInit:  - built for x86_64-pc-win32
LogInit:  - supports SSL with OpenSSL/1.0.2g
LogInit:  - supports HTTP deflate (compression) using libz 1.2.8
LogInit:  - other features:
LogInit:      CURL_VERSION_SSL
LogInit:      CURL_VERSION_LIBZ
LogInit:      CURL_VERSION_IPV6
LogInit:      CURL_VERSION_ASYNCHDNS
LogInit:      CURL_VERSION_LARGEFILE
LogInit:      CURL_VERSION_IDN
LogInit:  CurlRequestOptions (configurable via config and command line):
LogInit:  - bVerifyPeer = false  - Libcurl will NOT verify peer certificate
LogInit:  - bUseHttpProxy = false  - Libcurl will NOT use HTTP proxy
LogInit:  - bDontReuseConnections = false  - Libcurl will reuse connections
LogInit:  - CertBundlePath = nullptr  - Libcurl will use whatever was configured at build time.
LogInit: Build: ++UE4+Release-4.16-CL-3452394
LogInit: Engine Version: 4.16.0-3452394+++UE4+Release-4.16
LogInit: Compatible Engine Version: 4.16.0-3452394+++UE4+Release-4.16
LogInit: Net CL: 3452394
LogDevObjectVersion: Number of dev versions registered: 16
LogDevObjectVersion:   Dev-Blueprints (B0D832E4-1F89-4F0D-ACCF-7EB736FD4AA2): 9
LogDevObjectVersion:   Dev-Build (E1C64328-A22C-4D53-A36C-8E866417BD8C): 0
LogDevObjectVersion:   Dev-Core (375EC13C-06E4-48FB-B500-84F0262A717E): 2
LogDevObjectVersion:   Dev-Editor (E4B068ED-F494-42E9-A231-DA0B2E46BB41): 17
LogDevObjectVersion:   Dev-Framework (CFFC743F-43B0-4480-9391-14DF171D2073): 23
LogDevObjectVersion:   Dev-Mobile (B02B49B5-BB20-44E9-A304-32B752E40360): 0
LogDevObjectVersion:   Dev-Networking (A4E4105C-59A1-49B5-A7C5-40C4547EDFEE): 0
LogDevObjectVersion:   Dev-Online (39C831C9-5AE6-47DC-9A44-9C173E1C8E7C): 0
LogDevObjectVersion:   Dev-Physics (78F01B33-EBEA-4F98-B9B4-84EACCB95AA2): 0
LogDevObjectVersion:   Dev-Platform (6631380F-2D4D-43E0-8009-CF276956A95A): 0
LogDevObjectVersion:   Dev-Rendering (12F88B9F-8875-4AFC-A67C-D90C383ABD29): 15
LogDevObjectVersion:   Dev-Sequencer (7B5AE74C-D270-4C10-A958-57980B212A5A): 4
LogDevObjectVersion:   Dev-VR (D7296918-1DD6-4BDD-9DE2-64A83CC13884): 0
LogDevObjectVersion:   Dev-LoadTimes (C2A15278-BFE7-4AFE-6C17-90FF531DF755): 1
LogDevObjectVersion:   Private-Geometry (6EACA3D4-40EC-4CC1-B786-8BED09428FC5): 1
LogDevObjectVersion:   Dev-AnimPhys (29E575DD-E0A3-4627-9D10-D276232CDCEA): 3
LogInit: Compiled (64-bit): May 22 2017 17:47:00
LogInit: Compiled with Visual C++: 19.00.23026.00
LogInit: Build Configuration: Development
LogInit: Branch Name: ++UE4+Release-4.16
LogInit: Command line:  
LogInit: Base directory: C:/Program Files/Epic Games/UE_4.16/Engine/Binaries/Win64/
LogInit: Installed Engine Build: 1
LogInit: Presizing for max 8388607 objects, including 0 objects not considered by GC, pre-allocating 0 bytes for permanent pool.
LogInit: Object subsystem initialized
[2017.10.09-12.40.07:677][  0]LogInit: Selected Device Profile: [Windows]
[2017.10.09-12.40.07:685][  0]LogInit: Applying CVar settings loaded from the selected device profile: [Windows]
[2017.10.09-12.40.07:732][  0]LogConfig:Warning: Failed to saved backup for config[DeviceProfiles]
[2017.10.09-12.40.07:807][  0]LogInit: Computer: GAMES-106-002
[2017.10.09-12.40.07:807][  0]LogInit: User: Games
[2017.10.09-12.40.07:807][  0]LogInit: CPU Page size=4096, Cores=4
[2017.10.09-12.40.07:807][  0]LogInit: High frequency timer resolution =3.613320 MHz
[2017.10.09-12.40.07:820][  0]LogMemory: Memory total: Physical=15.9GB (16GB approx)
[2017.10.09-12.40.07:825][  0]LogMemory: Platform Memory Stats for Windows
[2017.10.09-12.40.07:825][  0]LogMemory: Process Physical Memory: 276.59 MB used, 276.59 MB peak
[2017.10.09-12.40.07:825][  0]LogMemory: Process Virtual Memory: 264.06 MB used, 264.06 MB peak
[2017.10.09-12.40.07:825][  0]LogMemory: Physical Memory: 4975.27 MB used,  11286.46 MB free, 16261.73 MB total
[2017.10.09-12.40.07:825][  0]LogMemory: Virtual Memory: 629.81 MB used,  11286.46 MB free, 8388608.00 MB total
[2017.10.09-12.40.10:220][  0]LogInit: Using OS detected language (en-GB).
[2017.10.09-12.40.10:220][  0]LogInit: Using OS detected locale (en-GB).
[2017.10.09-12.40.10:651][  0]LogTextLocalizationManager: No specific localization for 'en-GB' exists, so the 'en' localization will be used.
[2017.10.09-12.40.21:914][  0]LogD3D11RHI: D3D11 adapters:
[2017.10.09-12.40.21:975][  0]LogD3D11RHI:    0. 'NVIDIA GeForce GTX 760' (Feature Level 11_0)
[2017.10.09-12.40.21:975][  0]LogD3D11RHI:       1990/0/2048 MB DedicatedVideo/DedicatedSystem/SharedSystem, Outputs:2, VendorId:0x10de
[2017.10.09-12.40.21:975][  0]LogD3D11RHI: Chosen D3D11 Adapter: 0
[2017.10.09-12.40.21:998][  0]LogD3D11RHI: Creating new Direct3DDevice
[2017.10.09-12.40.21:998][  0]LogD3D11RHI:     GPU DeviceId: 0x1187 (for the marketing name, search the web for "GPU Device Id")
[2017.10.09-12.40.22:014][  0]LogWindows: EnumDisplayDevices:
[2017.10.09-12.40.22:014][  0]LogWindows:    0. 'NVIDIA GeForce GTX 760' (P:1 D:1)
[2017.10.09-12.40.22:014][  0]LogWindows:    1. 'NVIDIA GeForce GTX 760' (P:0 D:1)
[2017.10.09-12.40.22:015][  0]LogWindows:    2. 'NVIDIA GeForce GTX 760' (P:0 D:0)
[2017.10.09-12.40.22:015][  0]LogWindows:    3. 'NVIDIA GeForce GTX 760' (P:0 D:0)
[2017.10.09-12.40.22:015][  0]LogWindows:    4. 'RDPDD Chained DD' (P:0 D:0)
[2017.10.09-12.40.22:015][  0]LogWindows:    5. 'RDP Encoder Mirror Driver' (P:0 D:0)
[2017.10.09-12.40.22:015][  0]LogWindows:    6. 'RDP Reflector Display Driver' (P:0 D:0)
[2017.10.09-12.40.22:015][  0]LogWindows: DebugString: GetVideoDriverDetailsInvalid PrimaryIsNotTheChoosenAdapter GetVideoDriverDetailsInvalid PrimaryIsNotTheChoosenAdapter GetVideoDriverDetailsInvalid PrimaryIsNotTheChoosenAdapter FoundDriverCount:4 
[2017.10.09-12.40.22:015][  0]LogD3D11RHI:     Adapter Name: NVIDIA GeForce GTX 760
[2017.10.09-12.40.22:016][  0]LogD3D11RHI:   Driver Version: 353.30 (internal:10.18.13.5330, unified:353.30)
[2017.10.09-12.40.22:016][  0]LogD3D11RHI:      Driver Date: 6-17-2015
[2017.10.09-12.40.22:016][  0]LogRHI: Texture pool is 1361 MB (70% of 1945 MB)
[2017.10.09-12.40.22:075][  0]LogD3D11RHI: NvAPI_D3D_GetCurrentSLIState failed: 0xfffffff7
[2017.10.09-12.40.22:075][  0]LogD3D11RHI: Async texture creation enabled
[2017.10.09-12.40.22:303][  0]LogD3D11RHI: GPU Timing Frequency: 1000.000000 (Debug: 2 2)
[2017.10.09-12.40.22:375][  0]LogShaderCompilers: Guid format shader working directory is -48 characters bigger than the processId version (../../../../../../Users/Games/Documents/GitHub/level-6-level-6-group-6/Game/Prototypes/Runner1/Intermediate/Shaders/WorkingDirectory/4640/).
[2017.10.09-12.40.22:375][  0]LogShaderCompilers: Cleaned the shader compiler working directory 'C:/Users/Games/AppData/Local/Temp/UnrealShaderWorkingDir/E6E8F0354B746068307088866826FB8E/'.
[2017.10.09-12.40.22:375][  0]LogShaderCompilers:Display: Using Local Shader Compiler.
[2017.10.09-12.40.31:618][  0]LogTemp:Display: Loaded TP AllDesktopTargetPlatform
[2017.10.09-12.40.31:748][  0]LogTemp:Display: Loaded TP MacClientTargetPlatform
[2017.10.09-12.40.31:826][  0]LogTemp:Display: Loaded TP MacNoEditorTargetPlatform
[2017.10.09-12.40.31:886][  0]LogTemp:Display: Loaded TP MacServerTargetPlatform
[2017.10.09-12.40.31:977][  0]LogTemp:Display: Loaded TP MacTargetPlatform
[2017.10.09-12.40.32:063][  0]LogTemp:Display: Loaded TP WindowsClientTargetPlatform
[2017.10.09-12.40.32:138][  0]LogTemp:Display: Loaded TP WindowsNoEditorTargetPlatform
[2017.10.09-12.40.32:197][  0]LogTemp:Display: Loaded TP WindowsServerTargetPlatform
[2017.10.09-12.40.32:267][  0]LogTemp:Display: Loaded TP WindowsTargetPlatform
[2017.10.09-12.40.32:353][  0]LogTemp:Display: Loaded TP AndroidTargetPlatform
[2017.10.09-12.40.32:431][  0]LogTemp:Display: Loaded TP Android_ASTCTargetPlatform
[2017.10.09-12.40.32:497][  0]LogTemp:Display: Loaded TP Android_ATCTargetPlatform
[2017.10.09-12.40.32:552][  0]LogTemp:Display: Loaded TP Android_DXTTargetPlatform
[2017.10.09-12.40.32:920][  0]LogTemp:Display: Loaded TP Android_ETC1TargetPlatform
[2017.10.09-12.40.33:003][  0]LogTemp:Display: Loaded TP Android_ETC2TargetPlatform
[2017.10.09-12.40.33:123][  0]LogTemp:Display: Loaded TP Android_MultiTargetPlatform
[2017.10.09-12.40.33:123][  0]LogTemp:Display: Loaded TP Android_PVRTCTargetPlatform
[2017.10.09-12.40.33:185][  0]LogTemp:Display: Loaded TP HTML5TargetPlatform
[2017.10.09-12.40.33:392][  0]LogTemp:Display: Loaded TP IOSTargetPlatform
[2017.10.09-12.40.33:436][  0]LogTemp:Display: Loaded TP TVOSTargetPlatform
[2017.10.09-12.40.33:490][  0]LogTemp:Display: Loaded TP LinuxClientTargetPlatform
[2017.10.09-12.40.33:544][  0]LogTemp:Display: Loaded TP LinuxNoEditorTargetPlatform
[2017.10.09-12.40.33:624][  0]LogTemp:Display: Loaded TP LinuxServerTargetPlatform
[2017.10.09-12.40.33:693][  0]LogTemp:Display: Loaded TP LinuxTargetPlatform
[2017.10.09-12.40.33:693][  0]LogTargetPlatformManager:Display: Building Assets For Windows
[2017.10.09-12.40.35:248][  0]LogDerivedDataCache:Display: Max Cache Size: 512 MB
[2017.10.09-12.40.36:161][  0]LogDerivedDataCache: Loaded boot cache 0.91s 90MB C:/Users/Games/AppData/Local/UnrealEngine/4.16/DerivedDataCache/Boot.ddc.
[2017.10.09-12.40.36:161][  0]LogDerivedDataCache:Display: Loaded Boot cache: C:/Users/Games/AppData/Local/UnrealEngine/4.16/DerivedDataCache/Boot.ddc
[2017.10.09-12.40.36:161][  0]LogDerivedDataCache: FDerivedDataBackendGraph:  Pak pak cache file ../../../../../../Users/Games/Documents/GitHub/level-6-level-6-group-6/Game/Prototypes/Runner1/DerivedDataCache/DDC.ddp not found, will not use a pak cache.
[2017.10.09-12.40.36:161][  0]LogDerivedDataCache: Unable to find inner node Pak for hierarchical cache Hierarchy.
[2017.10.09-12.40.36:161][  0]LogDerivedDataCache: FDerivedDataBackendGraph:  CompressedPak pak cache file ../../../../../../Users/Games/Documents/GitHub/level-6-level-6-group-6/Game/Prototypes/Runner1/DerivedDataCache/Compressed.ddp not found, will not use a pak cache.
[2017.10.09-12.40.36:161][  0]LogDerivedDataCache: Unable to find inner node CompressedPak for hierarchical cache Hierarchy.
[2017.10.09-12.40.36:321][  0]LogDerivedDataCache:Display: Pak cache opened for reading ../../../Engine/DerivedDataCache/Compressed.ddp.
[2017.10.09-12.40.36:371][  0]LogDerivedDataCache: Using Local data cache path C:/Users/Games/AppData/Local/UnrealEngine/Common/DerivedDataCache: Writable
[2017.10.09-12.40.36:521][  0]LogMaterial: Verifying Global Shaders for PCD3D_SM5
[2017.10.09-12.40.36:607][  0]LogSlate: Using Freetype 2.6.0
[2017.10.09-12.40.36:690][  0]LogSlate: SlateFontCache - WITH_FREETYPE: 1, WITH_HARFBUZZ: 1
[2017.10.09-12.40.36:690][  0]LogSlate: SlateFontCache - WITH_FREETYPE: 1, WITH_HARFBUZZ: 1
[2017.10.09-12.40.47:493][  0]LogInit: Selected Device Profile: [Windows]
[2017.10.09-12.40.47:564][  0]LogContentStreaming: Texture pool size is 0.00 MB
[2017.10.09-12.40.48:957][  0]LogMeshUtilities: Using QuadricMeshReduction for automatic static mesh reduction
[2017.10.09-12.40.49:124][  0]LogSimplygon: Simplygon DLL not present - disabling.
[2017.10.09-12.40.49:240][  0]LogMeshUtilities: Using SimplygonSwarm for distributed automatic mesh merging
[2017.10.09-12.40.49:240][  0]LogMeshUtilities: No automatic skeletal mesh reduction module available
[2017.10.09-12.40.49:240][  0]LogMeshUtilities: No automatic mesh merging module available
[2017.10.09-12.40.51:468][  0]LogConfig:Warning: Failed to saved backup for config[GameplayTagsList]
[2017.10.09-12.40.51:471][  0]LogConfig:Warning: Failed to saved backup for config[GameplayTags]
[2017.10.09-12.40.56:059][  0]LogNetVersion: Runner1 , NetCL: 3452394, EngineNetVer: 2, GameNetVer: 0 (Checksum: 1518988006)
[2017.10.09-12.40.56:627][  0]LogAssetRegistry: FAssetRegistry took 0.0593 seconds to start up
[2017.10.09-12.40.56:813][  0]LogAssetRegistry:Error: Failed to open file for write ../../../../../../Users/Games/Documents/GitHub/level-6-level-6-group-6/Game/Prototypes/Runner1/Intermediate/AssetRegistryCache/e8c2d44a.bin
[2017.10.09-12.40.56:837][  0]LogFileManager:Warning: MoveFile was unable to move '../../../../../../Users/Games/Documents/GitHub/level-6-level-6-group-6/Game/Prototypes/Runner1/Intermediate/AssetRegistryCache/aff1c699.bin.tmp' to '../../../../../../Users/Games/Documents/GitHub/level-6-level-6-group-6/Game/Prototypes/Runner1/Intermediate/AssetRegistryCache/aff1c699.bin', retrying in .5s...
[2017.10.09-12.40.57:337][  0]LogFileManager:Warning: MoveFile was unable to move '../../../../../../Users/Games/Documents/GitHub/level-6-level-6-group-6/Game/Prototypes/Runner1/Intermediate/AssetRegistryCache/aff1c699.bin.tmp' to '../../../../../../Users/Games/Documents/GitHub/level-6-level-6-group-6/Game/Prototypes/Runner1/Intermediate/AssetRegistryCache/aff1c699.bin', retrying in .5s...
[2017.10.09-12.40.57:837][  0]LogFileManager:Warning: MoveFile was unable to move '../../../../../../Users/Games/Documents/GitHub/level-6-level-6-group-6/Game/Prototypes/Runner1/Intermediate/AssetRegistryCache/aff1c699.bin.tmp' to '../../../../../../Users/Games/Documents/GitHub/level-6-level-6-group-6/Game/Prototypes/Runner1/Intermediate/AssetRegistryCache/aff1c699.bin', retrying in .5s...
[2017.10.09-12.40.58:337][  0]LogFileManager:Warning: MoveFile was unable to move '../../../../../../Users/Games/Documents/GitHub/level-6-level-6-group-6/Game/Prototypes/Runner1/Intermediate/AssetRegistryCache/aff1c699.bin.tmp' to '../../../../../../Users/Games/Documents/GitHub/level-6-level-6-group-6/Game/Prototypes/Runner1/Intermediate/AssetRegistryCache/aff1c699.bin', retrying in .5s...
[2017.10.09-12.40.58:837][  0]LogFileManager:Warning: MoveFile was unable to move '../../../../../../Users/Games/Documents/GitHub/level-6-level-6-group-6/Game/Prototypes/Runner1/Intermediate/AssetRegistryCache/aff1c699.bin.tmp' to '../../../../../../Users/Games/Documents/GitHub/level-6-level-6-group-6/Game/Prototypes/Runner1/Intermediate/AssetRegistryCache/aff1c699.bin', retrying in .5s...
[2017.10.09-12.40.59:337][  0]LogFileManager:Warning: MoveFile was unable to move '../../../../../../Users/Games/Documents/GitHub/level-6-level-6-group-6/Game/Prototypes/Runner1/Intermediate/AssetRegistryCache/aff1c699.bin.tmp' to '../../../../../../Users/Games/Documents/GitHub/level-6-level-6-group-6/Game/Prototypes/Runner1/Intermediate/AssetRegistryCache/aff1c699.bin', retrying in .5s...
[2017.10.09-12.40.59:838][  0]LogFileManager:Warning: MoveFile was unable to move '../../../../../../Users/Games/Documents/GitHub/level-6-level-6-group-6/Game/Prototypes/Runner1/Intermediate/AssetRegistryCache/aff1c699.bin.tmp' to '../../../../../../Users/Games/Documents/GitHub/level-6-level-6-group-6/Game/Prototypes/Runner1/Intermediate/AssetRegistryCache/aff1c699.bin', retrying in .5s...
[2017.10.09-12.41.00:338][  0]LogFileManager:Warning: MoveFile was unable to move '../../../../../../Users/Games/Documents/GitHub/level-6-level-6-group-6/Game/Prototypes/Runner1/Intermediate/AssetRegistryCache/aff1c699.bin.tmp' to '../../../../../../Users/Games/Documents/GitHub/level-6-level-6-group-6/Game/Prototypes/Runner1/Intermediate/AssetRegistryCache/aff1c699.bin', retrying in .5s...
[2017.10.09-12.41.00:838][  0]LogFileManager:Warning: MoveFile was unable to move '../../../../../../Users/Games/Documents/GitHub/level-6-level-6-group-6/Game/Prototypes/Runner1/Intermediate/AssetRegistryCache/aff1c699.bin.tmp' to '../../../../../../Users/Games/Documents/GitHub/level-6-level-6-group-6/Game/Prototypes/Runner1/Intermediate/AssetRegistryCache/aff1c699.bin', retrying in .5s...
[2017.10.09-12.41.01:338][  0]LogFileManager:Warning: MoveFile was unable to move '../../../../../../Users/Games/Documents/GitHub/level-6-level-6-group-6/Game/Prototypes/Runner1/Intermediate/AssetRegistryCache/aff1c699.bin.tmp' to '../../../../../../Users/Games/Documents/GitHub/level-6-level-6-group-6/Game/Prototypes/Runner1/Intermediate/AssetRegistryCache/aff1c699.bin', retrying in .5s...
[2017.10.09-12.41.01:838][  0]LogFileManager:Error: Error moving file '../../../../../../Users/Games/Documents/GitHub/level-6-level-6-group-6/Game/Prototypes/Runner1/Intermediate/AssetRegistryCache/aff1c699.bin.tmp' to '../../../../../../Users/Games/Documents/GitHub/level-6-level-6-group-6/Game/Prototypes/Runner1/Intermediate/AssetRegistryCache/aff1c699.bin'.
[2017.10.09-12.41.01:883][  0]LogPackageLocalizationCache: Processed 4 localized package path(s) for 2 prioritized culture(s) in 5.072573 seconds
[2017.10.09-12.41.01:893][  0]LogUObjectArray: 34194 objects as part of root set at end of initial load.
[2017.10.09-12.41.01:893][  0]LogUObjectAllocator: 7260424 out of 0 bytes used by permanent object pool.
[2017.10.09-12.41.01:893][  0]LogUObjectArray: CloseDisregardForGC: 0/0 objects in disregard for GC pool
[2017.10.09-12.41.01:996][  0]LogInit: WinSock: version 1.1 (2.2), MaxSocks=32767, MaxUdp=65467
[2017.10.09-12.41.35:348][  0]LogAssetRegistry:Error: Failed to open file for write ../../../../../../Users/Games/Documents/GitHub/level-6-level-6-group-6/Game/Prototypes/Runner1/Intermediate/CachedAssetRegistry.bin
[2017.10.09-12.41.36:974][  0]LogTcpMessaging: Initializing TcpMessaging bridge
[2017.10.09-12.41.37:085][  0]LogUdpMessaging: Initializing bridge on interface 0.0.0.0:0 to multicast group 230.0.0.1:6666.
[2017.10.09-12.41.39:607][  0]LogConfig:Warning: Failed to saved backup for config[InternationalizationExport]
[2017.10.09-12.41.39:633][  0]LogConfig:Warning: Failed to saved backup for config[TranslationPickerSettings]
[2017.10.09-12.41.40:113][  0]LogMaterial: Uniform references updated for custom material expression Custom.
[2017.10.09-12.41.42:782][  0]SourceControl: Info Source control is disabled
[2017.10.09-12.41.43:218][  0]SourceControl: Info Source control is disabled
[2017.10.09-12.41.43:368][  0]SourceControl: Info Source control is disabled
[2017.10.09-12.41.43:484][  0]SourceControl: Info Source control is disabled
[2017.10.09-12.41.45:194][  0]LogAndroidPermission: UAndroidPermissionCallbackProxy::GetInstance
[2017.10.09-12.41.47:666][  0]LogEngine: Initializing Engine...
[2017.10.09-12.41.47:742][  0]LogHMD: Failed to initialize OpenVR with code 110
[2017.10.09-12.41.48:978][  0]LogStats: UGameplayTagsManager::ConstructGameplayTagTree: Construct from data asset -  0.000 s
[2017.10.09-12.41.48:978][  0]LogStats: UGameplayTagsManager::ConstructGameplayTagTree: GameplayTagTreeChangedEvent.Broadcast -  0.000 s
[2017.10.09-12.41.49:527][  0]LogAIModule: Creating AISystem for world Untitled
[2017.10.09-12.41.49:661][  0]LogInit: XAudio2 using 'Speakers (Conexant HD Audio)' : 2 channels at 44.1 kHz using 16 bits per sample (channel mask 0x3)
[2017.10.09-12.41.49:704][  0]LogInit: FAudioDevice initialized.
[2017.10.09-12.41.49:818][  0]LogDerivedDataCache: Saved boot cache 0.11s 90MB C:/Users/Games/AppData/Local/UnrealEngine/4.16/DerivedDataCache/Boot.ddc.
[2017.10.09-12.41.49:831][  0]LogInit: Texture streaming: Enabled
[2017.10.09-12.41.49:948][  0]LogEngineSessionManager: EngineSessionManager initialized
[2017.10.09-12.41.51:006][  0]LogInit: Transaction tracking system initialized
[2017.10.09-12.41.52:328][  0]BlueprintLog: New page: Editor Load
[2017.10.09-12.41.57:935][  0]LocalizationService: Info Localization service is disabled
[2017.10.09-12.42.01:136][  0]LogConsoleResponse:Display: 
[2017.10.09-12.42.06:342][  0]LogFileCache: Scanning file cache for directory 'C:/Users/Games/Documents/GitHub/level-6-level-6-group-6/Game/Prototypes/Runner1/Content/' took 0.01s
[2017.10.09-12.42.06:342][  0]LogCook:Display: Max memory allowance for cook 16384mb min free memory 0mb
[2017.10.09-12.42.06:342][  0]LogCook:Display: Mobile HDR setting 1
[2017.10.09-12.42.15:262][  0]SourceControl: Info Source control is disabled
[2017.10.09-12.42.15:619][  0]LightingResults: New page: Lighting Build
[2017.10.09-12.42.16:396][  0]MapCheck: New page: Map Check
[2017.10.09-12.42.16:396][  0]LightingResults: New page: Lighting Build
[2017.10.09-12.42.30:376][  0]LogAIModule: Creating AISystem for world ThirdPersonExampleMap
[2017.10.09-12.42.31:740][  0]LogEditorServer: Finished looking for orphan Actors (0.000 secs)
[2017.10.09-12.42.32:018][  0]Cmd: MAP CHECKDEP NOCLEARLOG
[2017.10.09-12.42.32:111][  0]MapCheck: Info Map check complete: 0 Error(s), 0 Warning(s), took 92.871ms to complete.
[2017.10.09-12.42.32:111][  0]LogFileHelpers: Loading map 'ThirdPersonExampleMap' took 16.597
[2017.10.09-12.42.35:476][  0]LogCollectionManager: Loaded 0 collections in 0.044200 seconds
[2017.10.09-12.42.35:942][  0]LogFileCache: Scanning file cache for directory 'C:/Users/Games/Documents/GitHub/level-6-level-6-group-6/Game/Prototypes/Runner1/Saved/Collections/' took 0.01s
[2017.10.09-12.42.35:942][  0]LogFileCache: Scanning file cache for directory 'C:/Users/Games/Documents/GitHub/level-6-level-6-group-6/Game/Prototypes/Runner1/Content/Developers/Games/Collections/' took 0.01s
[2017.10.09-12.42.35:942][  0]LogFileCache: Scanning file cache for directory 'C:/Users/Games/Documents/GitHub/level-6-level-6-group-6/Game/Prototypes/Runner1/Content/Collections/' took 0.01s
[2017.10.09-12.42.35:942][  0]LogCollectionManager: Rebuilt the GUID cache for 0 collections in 0.000002 seconds
[2017.10.09-12.42.35:987][  0]LogContentBrowser: Native class hierarchy populated in 0.0265 seconds. Added 2329 classes and 491 folders.
[2017.10.09-12.42.36:611][  0]LogContentBrowser: Native class hierarchy updated for 'WidgetCarousel' in 0.0005 seconds. Added 0 classes and 0 folders.
[2017.10.09-12.42.42:514][  0]LogContentBrowser: Native class hierarchy updated for 'AddContentDialog' in 0.0016 seconds. Added 0 classes and 0 folders.
[2017.10.09-12.42.42:750][  0]LogContentBrowser: Native class hierarchy updated for 'SceneOutliner' in 0.0018 seconds. Added 1 classes and 2 folders.
[2017.10.09-12.42.43:515][  0]LogCrashTracker: Crashtracker disabled due to settings.
[2017.10.09-12.42.43:814][  0]LogSlate: Took 0.027108 seconds to synchronously load lazily loaded font '../../../Engine/Content/Slate/Fonts/Roboto-Regular.ttf' (155K)
[2017.10.09-12.42.43:853][  0]LogSlate: Took 0.034705 seconds to synchronously load lazily loaded font '../../../Engine/Content/Slate/Fonts/Roboto-Bold.ttf' (160K)
[2017.10.09-12.42.43:889][  0]LogSlate: Took 0.023041 seconds to synchronously load lazily loaded font '../../../Engine/Content/Editor/Slate/Fonts/FontAwesome.ttf' (139K)
[2017.10.09-12.42.44:706][  0]LogRenderer: Reallocating scene render targets to support 1208x580 NumSamples 1 (Frame:1).
[2017.10.09-12.42.45:999][  0]LogUObjectGlobals:Warning: Failed to find object 'Class None.'
[2017.10.09-12.42.46:369][  0]LogContentBrowser: Native class hierarchy updated for 'HierarchicalLODOutliner' in 0.0014 seconds. Added 1 classes and 2 folders.
[2017.10.09-12.42.46:369][  0]LogLoad: (Engine Initialization) Total time: 168.91 seconds
[2017.10.09-12.42.46:369][  0]LogLoad: (Engine Initialization) Total Blueprint compile time: 4.20 seconds
[2017.10.09-12.42.46:369][  0]LogExternalProfiler: Found external profiler: VSPerf
[2017.10.09-12.42.46:369][  0]LogExternalProfiler: Using external profiler: VSPerf
[2017.10.09-12.42.46:708][  0]LogOcInput: OculusInput pre-init called
[2017.10.09-12.42.46:708][  0]LogHMD: Starting GearVRController plugin
[2017.10.09-12.42.46:802][  0]LogContentStreaming: Texture pool size now 1000 MB
[2017.10.09-12.42.47:113][  0]LogSlate: Took 0.036458 seconds to synchronously load lazily loaded font '../../../Engine/Content/Slate/Fonts/Roboto-Light.ttf' (159K)
[2017.10.09-12.42.47:847][  3]LogAssetRegistry: Asset discovery search completed in 111.2391 seconds
[2017.10.09-12.42.47:852][  3]LogCollectionManager: Rebuilt the object cache for 0 collections in 0.000009 seconds (found 0 objects)
[2017.10.09-12.42.47:852][  3]LogCollectionManager: Fixed up redirectors for 0 collections in 0.000077 seconds (updated 0 objects)
[2017.10.09-12.56.59:889][679]LogSlate: Took 0.000224 seconds to synchronously load lazily loaded font '../../../Engine/Content/Slate/Fonts/Roboto-Light.ttf' (159K)
[2017.10.09-12.57.00:749][679]LogSlate: Took 0.000408 seconds to synchronously load lazily loaded font '../../../Engine/Content/Slate/Fonts/Roboto-Regular.ttf' (155K)
[2017.10.09-12.57.02:928][679]LogAIModule: Creating AISystem for world ProceduralMap
[2017.10.09-12.57.02:983][679]Cmd: MAP LOAD FILE="../../../../../../Users/Games/Documents/GitHub/level-6-level-6-group-6/Game/Prototypes/Runner1/Content/ThirdPersonBP/Maps/ProceduralMap.umap" TEMPLATE=0 SHOWPROGRESS=1 FEATURELEVEL=3
[2017.10.09-12.57.02:983][679]LightingResults: New page: Lighting Build
[2017.10.09-12.57.02:984][679]LoadErrors: New page: Loading map: ProceduralMap.umap
[2017.10.09-12.57.02:986][679]MapCheck: New page: Map Check
[2017.10.09-12.57.02:986][679]LightingResults: New page: Lighting Build
[2017.10.09-12.57.03:011][679]LogEditorServer: Finished looking for orphan Actors (0.000 secs)
[2017.10.09-12.57.03:058][679]Cmd: MAP CHECKDEP NOCLEARLOG
[2017.10.09-12.57.03:117][679]MapCheck: Info Map check complete: 0 Error(s), 0 Warning(s), took 58.089ms to complete.
[2017.10.09-12.57.03:117][679]LogFileHelpers: Loading map 'ProceduralMap' took 0.136
[2017.10.09-12.57.33:126][270]LogTemp: Repeting last play command: Selected Viewport
[2017.10.09-12.57.33:268][270]LogPlayLevel: PlayLevel: No blueprints needed recompiling
[2017.10.09-12.57.33:313][270]PIE: New page: PIE session: ProceduralMap (9 Oct 2017 14:57:33)
[2017.10.09-12.57.33:313][270]LogPlayLevel: Creating play world package: /Game/ThirdPersonBP/Maps/UEDPIE_0_ProceduralMap
[2017.10.09-12.57.33:318][270]LogPlayLevel: PIE: StaticDuplicateObject took: (0.004186s)
[2017.10.09-12.57.33:319][270]LogAIModule: Creating AISystem for world ProceduralMap
[2017.10.09-12.57.33:319][270]LogPlayLevel: PIE: World Init took: (0.001320s)
[2017.10.09-12.57.33:319][270]LogPlayLevel: PIE: Created PIE world by copying editor world from /Game/ThirdPersonBP/Maps/ProceduralMap.ProceduralMap to /Game/ThirdPersonBP/Maps/UEDPIE_0_ProceduralMap.ProceduralMap (0.005980s)
[2017.10.09-12.57.33:344][270]LogInit: XAudio2 using 'Speakers (Conexant HD Audio)' : 2 channels at 44.1 kHz using 16 bits per sample (channel mask 0x3)
[2017.10.09-12.57.33:365][270]LogInit: FAudioDevice initialized.
[2017.10.09-12.57.33:411][270]LogLoad: Game class is 'RunnerGameMode_C'
[2017.10.09-12.57.33:417][270]LogWorld: Bringing World /Game/ThirdPersonBP/Maps/UEDPIE_0_ProceduralMap.ProceduralMap up for play (max tick rate 0) at 2017.10.09-13.57.33
[2017.10.09-12.57.33:417][270]LogWorld: Bringing up level for play took: 0.002119
[2017.10.09-12.57.33:542][270]LogContentBrowser: Native class hierarchy updated for 'MovieSceneCapture' in 0.0015 seconds. Added 11 classes and 0 folders.
[2017.10.09-12.57.33:572][270]PIE: Info Play in editor start time for /Game/ThirdPersonBP/Maps/UEDPIE_0_ProceduralMap -0.036
[2017.10.09-12.57.33:607][271]LogCharacterMovement:Warning: GetSimulationTimeStep() - Max iterations 8 hit while remaining time 0.064872 > MaxSimulationTimeStep (0.050) for 'RunnerCharacter_C_0', movement 'Walking'
[2017.10.09-12.57.52:314][504]Cmd: RestartLevel
[2017.10.09-12.57.52:352][505]LogNet: Browse: /Game/ThirdPersonBP/Maps/ProceduralMap?restart
[2017.10.09-12.57.52:353][505]LogLoad: LoadMap: /Game/ThirdPersonBP/Maps/ProceduralMap
[2017.10.09-12.57.52:381][505]Cmd: MEM
[2017.10.09-12.57.52:415][505]LogMemory: Platform Memory Stats for Windows
[2017.10.09-12.57.52:415][505]LogMemory: Process Physical Memory: 1023.04 MB used, 1034.68 MB peak
[2017.10.09-12.57.52:415][505]LogMemory: Process Virtual Memory: 1484.01 MB used, 1491.13 MB peak
[2017.10.09-12.57.52:415][505]LogMemory: Physical Memory: 6022.95 MB used,  10238.79 MB free, 16261.73 MB total
[2017.10.09-12.57.52:415][505]LogMemory: Virtual Memory: 2170.88 MB used,  10238.79 MB free, 8388608.00 MB total
[2017.10.09-12.57.52:415][505]LogMemory: 
[2017.10.09-12.57.52:415][505]Allocator Stats for TBB: (not implemented)
[2017.10.09-12.57.52:422][505]LogPlayLevel: Creating play world package: /Game/ThirdPersonBP/Maps/UEDPIE_0_ProceduralMap
[2017.10.09-12.57.52:426][505]LogPlayLevel: PIE: StaticDuplicateObject took: (0.003611s)
[2017.10.09-12.57.52:427][505]LogAIModule: Creating AISystem for world ProceduralMap
[2017.10.09-12.57.52:427][505]LogPlayLevel: PIE: World Init took: (0.001222s)
[2017.10.09-12.57.52:427][505]LogPlayLevel: PIE: Created PIE world by copying editor world from /Game/ThirdPersonBP/Maps/ProceduralMap.ProceduralMap to /Game/ThirdPersonBP/Maps/UEDPIE_0_ProceduralMap.ProceduralMap (0.005186s)
[2017.10.09-12.57.52:428][505]LogLoad: Game class is 'RunnerGameMode_C'
[2017.10.09-12.57.52:431][505]LogWorld: Bringing World /Game/ThirdPersonBP/Maps/UEDPIE_0_ProceduralMap.ProceduralMap up for play (max tick rate 0) at 2017.10.09-13.57.52
[2017.10.09-12.57.52:432][505]LogWorld: Bringing up level for play took: 0.001808
[2017.10.09-12.57.52:459][505]LogLoad: Took 0.105724 seconds to LoadMap(/Game/ThirdPersonBP/Maps/UEDPIE_0_ProceduralMap)
[2017.10.09-13.00.52:270][529]Cmd: QUIT_EDITOR
[2017.10.09-13.00.52:544][529]LogExit: Preparing to exit.
[2017.10.09-13.00.53:291][529]LogDirectoryWatcher: A directory notification for 'C:/Users/Games/Documents/GitHub/level-6-level-6-group-6/Game/Prototypes/Runner1/Content/' was aborted.
[2017.10.09-13.00.53:318][529]LogExit: Editor shut down
[2017.10.09-13.00.53:323][529]LogExit: Transaction tracking system shut down
[2017.10.09-13.00.53:389][529]LogObj: Freed 0b from 0 cluster array pools.
[2017.10.09-13.00.53:389][529]LogExit: Object subsystem successfully closed.
[2017.10.09-13.00.53:408][529]LogD3D11RHI: Shutdown
[2017.10.09-13.00.53:408][529]LogD3D11RHI: CleanupD3DDevice
[2017.10.09-13.00.53:446][529]LogD3D11RHI: ~FD3D11DynamicRHI
[2017.10.09-13.00.53:460][529]LogModuleManager: Shutting down and abandoning module MovieSceneCapture (526)
[2017.10.09-13.00.53:460][529]LogModuleManager: Shutting down and abandoning module HierarchicalLODOutliner (524)
[2017.10.09-13.00.53:460][529]LogModuleManager: Shutting down and abandoning module CrashTracker (522)
[2017.10.09-13.00.53:460][529]LogModuleManager: Shutting down and abandoning module SceneOutliner (520)
[2017.10.09-13.00.53:460][529]LogModuleManager: Shutting down and abandoning module AddContentDialog (518)
[2017.10.09-13.00.53:460][529]LogDirectoryWatcher: A directory notification for 'C:/Program Files/Epic Games/UE_4.16/FeaturePacks/' was aborted.
[2017.10.09-13.00.53:461][529]LogModuleManager: Shutting down and abandoning module WidgetCarousel (517)
[2017.10.09-13.00.53:461][529]LogModuleManager: Shutting down and abandoning module EditorWidgets (514)
[2017.10.09-13.00.53:461][529]LogModuleManager: Shutting down and abandoning module CollectionManager (512)
[2017.10.09-13.00.53:461][529]LogDirectoryWatcher: A directory notification for 'C:/Users/Games/Documents/GitHub/level-6-level-6-group-6/Game/Prototypes/Runner1/Content/Collections/' was aborted.
[2017.10.09-13.00.53:461][529]LogDirectoryWatcher: A directory notification for 'C:/Users/Games/Documents/GitHub/level-6-level-6-group-6/Game/Prototypes/Runner1/Content/Developers/Games/Collections/' was aborted.
[2017.10.09-13.00.53:461][529]LogDirectoryWatcher: A directory notification for 'C:/Users/Games/Documents/GitHub/level-6-level-6-group-6/Game/Prototypes/Runner1/Saved/Collections/' was aborted.
[2017.10.09-13.00.53:461][529]LogModuleManager: Shutting down and abandoning module StatsViewer (510)
[2017.10.09-13.00.53:461][529]LogModuleManager: Shutting down and abandoning module FoliageEdit (508)
[2017.10.09-13.00.53:461][529]LogModuleManager: Shutting down and abandoning module LandscapeEditor (506)
[2017.10.09-13.00.53:461][529]LogModuleManager: Shutting down and abandoning module MeshPaintMode (504)
[2017.10.09-13.00.53:461][529]LogModuleManager: Shutting down and abandoning module SceneDepthPickerMode (502)
[2017.10.09-13.00.53:461][529]LogModuleManager: Shutting down and abandoning module ActorPickerMode (500)
[2017.10.09-13.00.53:461][529]LogModuleManager: Shutting down and abandoning module GeometryMode (498)
[2017.10.09-13.00.53:461][529]LogModuleManager: Shutting down and abandoning module TextureAlignMode (496)
[2017.10.09-13.00.53:462][529]LogModuleManager: Shutting down and abandoning module BspMode (494)
[2017.10.09-13.00.53:462][529]LogModuleManager: Shutting down and abandoning module HardwareSurvey (492)
[2017.10.09-13.00.53:462][529]LogModuleManager: Shutting down and abandoning module SequenceRecorderSections (490)
[2017.10.09-13.00.53:462][529]LogModuleManager: Shutting down and abandoning module AutomationWorker (488)
[2017.10.09-13.00.53:462][529]LogModuleManager: Shutting down and abandoning module MatineeToLevelSequence (486)
[2017.10.09-13.00.53:462][529]LogModuleManager: Shutting down and abandoning module LevelSequenceEditor (484)
[2017.10.09-13.00.53:462][529]LogModuleManager: Shutting down and abandoning module PlacementMode (483)
[2017.10.09-13.00.53:462][529]LogModuleManager: Shutting down and abandoning module WmfMediaFactory (480)
[2017.10.09-13.00.53:462][529]LogModuleManager: Shutting down and abandoning module WmfMediaEditor (478)
[2017.10.09-13.00.53:462][529]LogModuleManager: Shutting down and abandoning module AvfMediaFactory (476)
[2017.10.09-13.00.53:462][529]LogModuleManager: Shutting down and abandoning module AvfMediaEditor (474)
[2017.10.09-13.00.53:462][529]LogModuleManager: Shutting down and abandoning module AndroidMediaFactory (472)
[2017.10.09-13.00.53:462][529]LogModuleManager: Shutting down and abandoning module Media (471)
[2017.10.09-13.00.53:462][529]LogModuleManager: Shutting down and abandoning module AndroidMediaEditor (468)
[2017.10.09-13.00.53:462][529]LogModuleManager: Shutting down and abandoning module CharacterAI (466)
[2017.10.09-13.00.53:462][529]LogModuleManager: Shutting down and abandoning module AudioCapture (464)
[2017.10.09-13.00.53:462][529]LogModuleManager: Shutting down and abandoning module SequenceRecorder (463)
[2017.10.09-13.00.53:462][529]LogModuleManager: Shutting down and abandoning module SmartSnapping (460)
[2017.10.09-13.00.53:462][529]LogModuleManager: Shutting down and abandoning module SessionServices (458)
[2017.10.09-13.00.53:462][529]LogModuleManager: Shutting down and abandoning module ViewportSnapping (456)
[2017.10.09-13.00.53:462][529]LogModuleManager: Shutting down and abandoning module ViewportInteraction (454)
[2017.10.09-13.00.53:462][529]LogModuleManager: Shutting down and abandoning module ClothPainter (452)
[2017.10.09-13.00.53:462][529]LogModuleManager: Shutting down and abandoning module LogVisualizer (450)
[2017.10.09-13.00.53:462][529]LogModuleManager: Shutting down and abandoning module IntroTutorials (448)
[2017.10.09-13.00.53:462][529]LogModuleManager: Shutting down and abandoning module GameProjectGeneration (447)
[2017.10.09-13.00.53:462][529]LogModuleManager: Shutting down and abandoning module EditorLiveStreaming (444)
[2017.10.09-13.00.53:462][529]LogModuleManager: Shutting down and abandoning module IOSPlatformEditor (442)
[2017.10.09-13.00.53:462][529]LogModuleManager: Shutting down and abandoning module HTML5PlatformEditor (440)
[2017.10.09-13.00.53:462][529]LogModuleManager: Shutting down and abandoning module AndroidPlatformEditor (438)
[2017.10.09-13.00.53:462][529]LogModuleManager: Shutting down and abandoning module AndroidDeviceDetection (437)
[2017.10.09-13.00.54:352][529]LogModuleManager: Shutting down and abandoning module IOSRuntimeSettings (434)
[2017.10.09-13.00.54:352][529]LogModuleManager: Shutting down and abandoning module AndroidRuntimeSettings (432)
[2017.10.09-13.00.54:352][529]LogModuleManager: Shutting down and abandoning module InputBindingEditor (430)
[2017.10.09-13.00.54:352][529]LogModuleManager: Shutting down and abandoning module MergeActors (428)
[2017.10.09-13.00.54:352][529]LogModuleManager: Shutting down and abandoning module SizeMap (426)
[2017.10.09-13.00.54:352][529]LogModuleManager: Shutting down and abandoning module TreeMap (424)
[2017.10.09-13.00.54:352][529]LogModuleManager: Shutting down and abandoning module ReferenceViewer (422)
[2017.10.09-13.00.54:352][529]LogModuleManager: Shutting down and abandoning module LocalizationDashboard (420)
[2017.10.09-13.00.54:352][529]LogModuleManager: Shutting down and abandoning module LocalizationService (419)
[2017.10.09-13.00.54:352][529]LogModuleManager: Shutting down and abandoning module HardwareTargeting (416)
[2017.10.09-13.00.54:352][529]LogModuleManager: Shutting down and abandoning module DeviceProfileEditor (414)
[2017.10.09-13.00.54:352][529]LogModuleManager: Shutting down and abandoning module UndoHistory (412)
[2017.10.09-13.00.54:352][529]LogModuleManager: Shutting down and abandoning module UserFeedback (410)
[2017.10.09-13.00.54:352][529]LogModuleManager: Shutting down and abandoning module XmlParser (408)
[2017.10.09-13.00.54:352][529]LogModuleManager: Shutting down and abandoning module Blutility (406)
[2017.10.09-13.00.54:352][529]LogModuleManager: Shutting down and abandoning module ProjectSettingsViewer (404)
[2017.10.09-13.00.54:352][529]LogModuleManager: Shutting down and abandoning module ProjectTargetPlatformEditor (403)
[2017.10.09-13.00.54:353][529]LogModuleManager: Shutting down and abandoning module EditorSettingsViewer (400)
[2017.10.09-13.00.54:353][529]LogModuleManager: Shutting down and abandoning module SettingsEditor (398)
[2017.10.09-13.00.54:353][529]LogModuleManager: Shutting down and abandoning module ProjectLauncher (396)
[2017.10.09-13.00.54:353][529]LogModuleManager: Shutting down and abandoning module SessionFrontend (394)
[2017.10.09-13.00.54:353][529]LogModuleManager: Shutting down and abandoning module ProfilerClient (392)
[2017.10.09-13.00.54:353][529]LogModuleManager: Shutting down and abandoning module DeviceManager (390)
[2017.10.09-13.00.54:353][529]LogModuleManager: Shutting down and abandoning module TargetDeviceServices (389)
[2017.10.09-13.00.54:403][529]LogModuleManager: Shutting down and abandoning module AutomationController (386)
[2017.10.09-13.00.54:403][529]LogModuleManager: Shutting down and abandoning module AutomationWindow (384)
[2017.10.09-13.00.54:403][529]LogModuleManager: Shutting down and abandoning module Layers (382)
[2017.10.09-13.00.54:403][529]LogModuleManager: Shutting down and abandoning module ComponentVisualizers (380)
[2017.10.09-13.00.54:403][529]LogModuleManager: Shutting down and abandoning module DetailCustomizations (378)
[2017.10.09-13.00.54:403][529]LogModuleManager: Shutting down and abandoning module PackagesDialog (376)
[2017.10.09-13.00.54:403][529]LogModuleManager: Shutting down and abandoning module Persona (374)
[2017.10.09-13.00.54:403][529]LogModuleManager: Shutting down and abandoning module AdvancedPreviewScene (373)
[2017.10.09-13.00.54:403][529]LogModuleManager: Shutting down and abandoning module AnimGraph (371)
[2017.10.09-13.00.54:403][529]LogModuleManager: Shutting down and abandoning module Kismet (368)
[2017.10.09-13.00.54:405][529]LogModuleManager: Shutting down and abandoning module ClassViewer (366)
[2017.10.09-13.00.54:405][529]LogModuleManager: Shutting down and abandoning module Toolbox (364)
[2017.10.09-13.00.54:405][529]LogModuleManager: Shutting down and abandoning module ModuleUI (362)
[2017.10.09-13.00.54:405][529]LogModuleManager: Shutting down and abandoning module MovieSceneTools (360)
[2017.10.09-13.00.54:405][529]LogModuleManager: Shutting down and abandoning module OutputLog (358)
[2017.10.09-13.00.54:405][529]LogModuleManager: Shutting down and abandoning module GammaUI (356)
[2017.10.09-13.00.54:405][529]LogModuleManager: Shutting down and abandoning module Documentation (354)
[2017.10.09-13.00.54:405][529]LogModuleManager: Shutting down and abandoning module MovieSceneTracks (352)
[2017.10.09-13.00.54:405][529]LogModuleManager: Shutting down and abandoning module MovieScene (350)
[2017.10.09-13.00.54:405][529]LogModuleManager: Shutting down and abandoning module Niagara (348)
[2017.10.09-13.00.54:405][529]LogModuleManager: Shutting down and abandoning module NiagaraEditor (347)
[2017.10.09-13.00.54:405][529]LogModuleManager: Shutting down and abandoning module StreamingPauseRendering (344)
[2017.10.09-13.00.54:405][529]LogModuleManager: Shutting down and abandoning module AnalyticsET (342)
[2017.10.09-13.00.54:405][529]LogModuleManager: Shutting down and abandoning module PortalServices (340)
[2017.10.09-13.00.54:405][529]LogModuleManager: Shutting down and abandoning module PortalRpc (338)
[2017.10.09-13.00.54:405][529]LogModuleManager: Shutting down and abandoning module MessagingRpc (336)
[2017.10.09-13.00.54:405][529]LogModuleManager: Shutting down and abandoning module AIModule (334)
[2017.10.09-13.00.54:405][529]LogModuleManager: Shutting down and abandoning module GameplayDebugger (333)
[2017.10.09-13.00.54:405][529]LogModuleManager: Shutting down and abandoning module AITestSuite (331)
[2017.10.09-13.00.54:405][529]LogModuleManager: Shutting down and abandoning module ProfilerService (328)
[2017.10.09-13.00.54:625][529]LogModuleManager: Shutting down and abandoning module TaskGraph (326)
[2017.10.09-13.00.54:625][529]LogModuleManager: Shutting down and abandoning module SteamVRController (324)
[2017.10.09-13.00.54:625][529]LogModuleManager: Shutting down and abandoning module SteamVR (322)
[2017.10.09-13.00.54:625][529]LogModuleManager: Shutting down and abandoning module ProceduralMeshComponentEditor (320)
[2017.10.09-13.00.54:625][529]LogModuleManager: Shutting down and abandoning module ProceduralMeshComponent (318)
[2017.10.09-13.00.54:625][529]LogModuleManager: Shutting down and abandoning module OculusLibrary (316)
[2017.10.09-13.00.54:625][529]LogModuleManager: Shutting down and abandoning module OculusInput (314)
[2017.10.09-13.00.54:626][529]LogModuleManager: Shutting down and abandoning module MobilePatchingUtils (312)
[2017.10.09-13.00.54:626][529]LogModuleManager: Shutting down and abandoning module CustomMeshComponent (310)
[2017.10.09-13.00.54:626][529]LogModuleManager: Shutting down and abandoning module CableComponent (308)
[2017.10.09-13.00.54:626][529]LogModuleManager: Shutting down and abandoning module ArchVisCharacter (306)
[2017.10.09-13.00.54:626][529]LogModuleManager: Shutting down and abandoning module AndroidPermission (304)
[2017.10.09-13.00.54:626][529]LogModuleManager: Shutting down and abandoning module MediaPlayerEditor (300)
[2017.10.09-13.00.54:626][529]LogModuleManager: Shutting down and abandoning module HTML5Networking (298)
[2017.10.09-13.00.54:626][529]LogModuleManager: Shutting down and abandoning module AlembicImporter (296)
[2017.10.09-13.00.54:626][529]LogModuleManager: Shutting down and abandoning module AlembicLibrary (295)
[2017.10.09-13.00.54:626][529]LogModuleManager: Shutting down and abandoning module GeometryCache (294)
[2017.10.09-13.00.54:626][529]LogModuleManager: Shutting down and abandoning module GeometryCacheEd (293)
[2017.10.09-13.00.54:626][529]LogModuleManager: Shutting down and abandoning module SuperSearchEditor (288)
[2017.10.09-13.00.54:626][529]LogModuleManager: Shutting down and abandoning module SuperSearch (287)
[2017.10.09-13.00.54:626][529]LogModuleManager: Shutting down and abandoning module SpeedTreeImporter (284)
[2017.10.09-13.00.54:626][529]LogModuleManager: Shutting down and abandoning module PluginBrowser (282)
[2017.10.09-13.00.54:626][529]LogModuleManager: Shutting down and abandoning module MobileLauncherProfileWizard (280)
[2017.10.09-13.00.54:626][529]LogModuleManager: Shutting down and abandoning module VisualStudioSourceCodeAccess (278)
[2017.10.09-13.00.54:626][529]LogModuleManager: Shutting down and abandoning module DesktopPlatform (277)
[2017.10.09-13.00.54:626][529]LogModuleManager: Shutting down and abandoning module UObjectPlugin (274)
[2017.10.09-13.00.54:626][529]LogModuleManager: Shutting down and abandoning module SubversionSourceControl (272)
[2017.10.09-13.00.54:626][529]LogModuleManager: Shutting down and abandoning module PerforceSourceControl (270)
[2017.10.09-13.00.54:626][529]LogModuleManager: Shutting down and abandoning module GitSourceControl (268)
[2017.10.09-13.00.54:626][529]LogModuleManager: Shutting down and abandoning module SourceControl (267)
[2017.10.09-13.00.54:626][529]LogModuleManager: Shutting down and abandoning module LightPropagationVolumeEditor (264)
[2017.10.09-13.00.54:626][529]LogModuleManager: Shutting down and abandoning module PaperTiledImporter (262)
[2017.10.09-13.00.54:626][529]LogModuleManager: Shutting down and abandoning module PaperSpriteSheetImporter (260)
[2017.10.09-13.00.54:626][529]LogModuleManager: Shutting down and abandoning module Paper2DEditor (258)
[2017.10.09-13.00.54:626][529]LogModuleManager: Shutting down and abandoning module MeshPaint (257)
[2017.10.09-13.00.54:626][529]LogModuleManager: Shutting down and abandoning module LevelEditor (255)
[2017.10.09-13.00.54:627][529]LogModuleManager: Shutting down and abandoning module PixelInspectorModule (254)
[2017.10.09-13.00.54:627][529]LogModuleManager: Shutting down and abandoning module MainFrame (252)
[2017.10.09-13.00.54:627][529]LogModuleManager: Shutting down and abandoning module HotReload (251)
[2017.10.09-13.00.54:628][529]LogModuleManager: Shutting down and abandoning module PhysXVehiclesEditor (246)
[2017.10.09-13.00.54:628][529]LogModuleManager: Shutting down and abandoning module PhysXVehicles (244)
[2017.10.09-13.00.54:628][529]LogModuleManager: Shutting down and abandoning module LocationServicesBPLibrary (242)
[2017.10.09-13.00.54:628][529]LogModuleManager: Shutting down and abandoning module ImmediatePhysicsEditor (240)
[2017.10.09-13.00.54:628][529]LogModuleManager: Shutting down and abandoning module ImmediatePhysics (238)
[2017.10.09-13.00.54:628][529]LogModuleManager: Shutting down and abandoning module UdpMessaging (236)
[2017.10.09-13.00.54:728][529]LogModuleManager: Shutting down and abandoning module TcpMessaging (234)
[2017.10.09-13.00.54:828][529]LogModuleManager: Shutting down and abandoning module GameplayTagsEditor (232)
[2017.10.09-13.00.54:828][529]LogModuleManager: Shutting down and abandoning module FacialAnimationEditor (230)
[2017.10.09-13.00.54:828][529]LogModuleManager: Shutting down and abandoning module FacialAnimation (228)
[2017.10.09-13.00.54:828][529]LogModuleManager: Shutting down and abandoning module AssetManagerEditor (226)
[2017.10.09-13.00.54:828][529]LogModuleManager: Shutting down and abandoning module GraphEditor (225)
[2017.10.09-13.00.54:828][529]LogModuleManager: Shutting down and abandoning module ContentBrowser (223)
[2017.10.09-13.00.54:832][529]LogModuleManager: Shutting down and abandoning module LightPropagationVolumeRuntime (220)
[2017.10.09-13.00.54:832][529]LogModuleManager: Shutting down and abandoning module Paper2D (218)
[2017.10.09-13.00.54:832][529]LogModuleManager: Shutting down and abandoning module WindowsMoviePlayer (216)
[2017.10.09-13.00.54:832][529]LogModuleManager: Shutting down and abandoning module WmfMedia (214)
[2017.10.09-13.00.54:833][529]LogModuleManager: Shutting down and abandoning module ClothingSystemEditor (212)
[2017.10.09-13.00.54:834][529]LogModuleManager: Shutting down and abandoning module ClothingSystemRuntime (210)
[2017.10.09-13.00.54:834][529]LogModuleManager: Shutting down and abandoning module MediaAssets (208)
[2017.10.09-13.00.54:834][529]LogModuleManager: Shutting down and abandoning module GameLiveStreaming (206)
[2017.10.09-13.00.54:834][529]LogModuleManager: Shutting down and abandoning module VREditor (204)
[2017.10.09-13.00.54:834][529]LogModuleManager: Shutting down and abandoning module StringTableEditor (202)
[2017.10.09-13.00.54:834][529]LogModuleManager: Shutting down and abandoning module GameplayTasksEditor (200)
[2017.10.09-13.00.54:834][529]LogModuleManager: Shutting down and abandoning module BehaviorTreeEditor (198)
[2017.10.09-13.00.54:834][529]LogModuleManager: Shutting down and abandoning module FunctionalTesting (196)
[2017.10.09-13.00.54:834][529]LogModuleManager: Shutting down and abandoning module CollisionAnalyzer (194)
[2017.10.09-13.00.54:834][529]LogModuleManager: Shutting down and abandoning module UMG (192)
[2017.10.09-13.00.54:834][529]LogModuleManager: Shutting down and abandoning module UMGEditor (191)
[2017.10.09-13.00.54:834][529]LogModuleManager: Shutting down and abandoning module Sequencer (190)
[2017.10.09-13.00.54:835][529]LogModuleManager: Shutting down and abandoning module AssetTools (188)
[2017.10.09-13.00.54:835][529]LogModuleManager: Shutting down and abandoning module MessageLog (187)
[2017.10.09-13.00.54:835][529]LogModuleManager: Shutting down and abandoning module WorkspaceMenuStructure (186)
[2017.10.09-13.00.54:835][529]LogModuleManager: Shutting down and abandoning module SlateReflector (180)
[2017.10.09-13.00.54:835][529]LogModuleManager: Shutting down and abandoning module Slate (178)
[2017.10.09-13.00.54:835][529]LogModuleManager: Shutting down and abandoning module EditorStyle (176)
[2017.10.09-13.00.54:842][529]LogModuleManager: Shutting down and abandoning module SourceCodeAccess (174)
[2017.10.09-13.00.54:842][529]LogModuleManager: Shutting down and abandoning module HeadMountedDisplay (172)
[2017.10.09-13.00.54:842][529]LogModuleManager: Shutting down and abandoning module XAudio2 (170)
[2017.10.09-13.00.54:842][529]LogModuleManager: Shutting down and abandoning module Networking (168)
[2017.10.09-13.00.54:842][529]LogModuleManager: Shutting down and abandoning module Core (164)
[2017.10.09-13.00.54:842][529]LogModuleManager: Shutting down and abandoning module AssetRegistry (162)
[2017.10.09-13.00.55:015][529]LogDirectoryWatcher: A directory notification for '../../../Engine/Content/' was aborted.
[2017.10.09-13.00.55:016][529]LogDirectoryWatcher: A directory notification for '../../../../../../Users/Games/Documents/GitHub/level-6-level-6-group-6/Game/Prototypes/Runner1/Content/' was aborted.
[2017.10.09-13.00.55:016][529]LogDirectoryWatcher: A directory notification for '../../../Engine/Plugins/2D/Paper2D/Content/' was aborted.
[2017.10.09-13.00.55:016][529]LogDirectoryWatcher: A directory notification for '../../../Engine/Plugins/Runtime/GearVR/Content/' was aborted.
[2017.10.09-13.00.55:018][529]LogModuleManager: Shutting down and abandoning module DirectoryWatcher (161)
[2017.10.09-13.00.55:019][529]LogModuleManager: Shutting down and abandoning module KismetCompiler (158)
[2017.10.09-13.00.55:019][529]LogModuleManager: Shutting down and abandoning module PhysXFormats (156)
[2017.10.09-13.00.55:019][529]LogModuleManager: Shutting down and abandoning module MeshUtilities (154)
[2017.10.09-13.00.55:019][529]LogModuleManager: Shutting down and abandoning module SimplygonSwarm (153)
[2017.10.09-13.00.55:019][529]LogModuleManager: Shutting down and abandoning module SimplygonMeshReduction (151)
[2017.10.09-13.00.55:019][529]LogModuleManager: Shutting down and abandoning module QuadricMeshReduction (149)
[2017.10.09-13.00.55:019][529]LogModuleManager: Shutting down and abandoning module LevelSequence (146)
[2017.10.09-13.00.55:019][529]LogModuleManager: Shutting down and abandoning module DerivedDataCache (144)
[2017.10.09-13.00.55:090][529]LogDerivedDataCache: Shutdown
[2017.10.09-13.00.55:090][529]LogModuleManager: Shutting down and abandoning module TargetPlatform (142)
[2017.10.09-13.00.55:090][529]LogModuleManager: Shutting down and abandoning module VulkanShaderFormat (141)
[2017.10.09-13.00.55:090][529]LogModuleManager: Shutting down and abandoning module ShaderFormatVectorVM (139)
[2017.10.09-13.00.55:090][529]LogModuleManager: Shutting down and abandoning module ShaderFormatOpenGL (137)
[2017.10.09-13.00.55:090][529]LogModuleManager: Shutting down and abandoning module ShaderFormatD3D (135)
[2017.10.09-13.00.55:090][529]LogModuleManager: Shutting down and abandoning module MetalShaderFormat (133)
[2017.10.09-13.00.55:090][529]LogModuleManager: Shutting down and abandoning module TextureFormatUncompressed (131)
[2017.10.09-13.00.55:090][529]LogModuleManager: Shutting down and abandoning module TextureFormatPVR (129)
[2017.10.09-13.00.55:090][529]LogModuleManager: Shutting down and abandoning module TextureFormatDXT (127)
[2017.10.09-13.00.55:090][529]LogModuleManager: Shutting down and abandoning module TextureFormatIntelISPCTexComp (125)
[2017.10.09-13.00.55:090][529]LogModuleManager: Shutting down and abandoning module TextureFormatASTC (123)
[2017.10.09-13.00.55:090][529]LogModuleManager: Shutting down and abandoning module ImageWrapper (122)
[2017.10.09-13.00.55:090][529]LogModuleManager: Shutting down and abandoning module TextureFormatAndroid (119)
[2017.10.09-13.00.55:090][529]LogModuleManager: Shutting down and abandoning module AudioFormatOpus (117)
[2017.10.09-13.00.55:090][529]LogModuleManager: Shutting down and abandoning module AudioFormatOgg (115)
[2017.10.09-13.00.55:090][529]LogModuleManager: Shutting down and abandoning module AudioFormatADPCM (113)
[2017.10.09-13.00.55:090][529]LogModuleManager: Shutting down and abandoning module LinuxTargetPlatform (111)
[2017.10.09-13.00.55:090][529]LogModuleManager: Shutting down and abandoning module LinuxServerTargetPlatform (109)
[2017.10.09-13.00.55:091][529]LogModuleManager: Shutting down and abandoning module LinuxNoEditorTargetPlatform (107)
[2017.10.09-13.00.55:091][529]LogModuleManager: Shutting down and abandoning module LinuxClientTargetPlatform (105)
[2017.10.09-13.00.55:091][529]LogModuleManager: Shutting down and abandoning module TVOSTargetPlatform (103)
[2017.10.09-13.00.55:091][529]LogModuleManager: Shutting down and abandoning module Messaging (101)
[2017.10.09-13.00.55:091][529]LogModuleManager: Shutting down and abandoning module IOSTargetPlatform (99)
[2017.10.09-13.00.55:091][529]LogModuleManager: Shutting down and abandoning module HTML5TargetPlatform (97)
[2017.10.09-13.00.55:091][529]LogModuleManager: Shutting down and abandoning module Android_PVRTCTargetPlatform (95)
[2017.10.09-13.00.55:091][529]LogModuleManager: Shutting down and abandoning module Android_MultiTargetPlatform (93)
[2017.10.09-13.00.55:091][529]LogModuleManager: Shutting down and abandoning module Android_ETC2TargetPlatform (91)
[2017.10.09-13.00.55:091][529]LogModuleManager: Shutting down and abandoning module Android_ETC1TargetPlatform (89)
[2017.10.09-13.00.55:091][529]LogModuleManager: Shutting down and abandoning module Android_DXTTargetPlatform (87)
[2017.10.09-13.00.55:091][529]LogModuleManager: Shutting down and abandoning module Android_ATCTargetPlatform (85)
[2017.10.09-13.00.55:091][529]LogModuleManager: Shutting down and abandoning module Android_ASTCTargetPlatform (83)
[2017.10.09-13.00.55:091][529]LogModuleManager: Shutting down and abandoning module AndroidTargetPlatform (81)
[2017.10.09-13.00.55:091][529]LogModuleManager: Shutting down and abandoning module WindowsTargetPlatform (79)
[2017.10.09-13.00.55:091][529]LogModuleManager: Shutting down and abandoning module WindowsServerTargetPlatform (77)
[2017.10.09-13.00.55:091][529]LogModuleManager: Shutting down and abandoning module WindowsNoEditorTargetPlatform (75)
[2017.10.09-13.00.55:091][529]LogModuleManager: Shutting down and abandoning module WindowsClientTargetPlatform (73)
[2017.10.09-13.00.55:091][529]LogModuleManager: Shutting down and abandoning module MacTargetPlatform (71)
[2017.10.09-13.00.55:091][529]LogModuleManager: Shutting down and abandoning module MacServerTargetPlatform (69)
[2017.10.09-13.00.55:091][529]LogModuleManager: Shutting down and abandoning module MacNoEditorTargetPlatform (67)
[2017.10.09-13.00.55:091][529]LogModuleManager: Shutting down and abandoning module MacClientTargetPlatform (65)
[2017.10.09-13.00.55:091][529]LogModuleManager: Shutting down and abandoning module AllDesktopTargetPlatform (63)
[2017.10.09-13.00.55:091][529]LogModuleManager: Shutting down and abandoning module InputCore (60)
[2017.10.09-13.00.55:091][529]LogModuleManager: Shutting down and abandoning module Settings (58)
[2017.10.09-13.00.55:091][529]LogModuleManager: Shutting down and abandoning module OculusRift (56)
[2017.10.09-13.00.55:091][529]LogModuleManager: Shutting down and abandoning module GearVRController (54)
[2017.10.09-13.00.55:091][529]LogModuleManager: Shutting down and abandoning module GearVR (52)
[2017.10.09-13.00.55:091][529]LogModuleManager: Shutting down and abandoning module ExampleDeviceProfileSelector (50)
[2017.10.09-13.00.55:091][529]LogModuleManager: Shutting down and abandoning module OnlineBlueprintSupport (48)
[2017.10.09-13.00.55:091][529]LogModuleManager: Shutting down and abandoning module OnlineSubsystem (44)
[2017.10.09-13.00.55:091][529]LogOnline:Display: Unloading online subsystem: NULL
[2017.10.09-13.00.55:091][529]LogModuleManager: Shutting down and abandoning module XMPP (43)
[2017.10.09-13.00.55:092][529]LogModuleManager: Shutting down and abandoning module HTTP (41)
[2017.10.09-13.00.55:092][529]LogHttp:Display: Http module shutting down, but needs to wait on 1 outstanding Http requests:
[2017.10.09-13.00.55:092][529]LogHttp:Display: 	verb=[POST] url=[https://datarouter.ol.epicgames.com/datarouter/api/v1/public/data?SessionID=%7B63757B28-435F-43D7-B8E4-5A872BC859CD%7D&AppID=UEEditor.Rocket.Release&AppVersion=4.16.0-3452394%2B%2B%2BUE4%2BRelease-4.16&UserID=b334491a47b2b4b9b5da6780768e17f8%7Cf492d71bb8a146f39f4069461f147dd3%7C511cb9c5-1614-41b2-967c-9bec92252184&AppEnvironment=datacollector-binary&UploadType=eteventstream] status=Processing
[2017.10.09-13.00.55:111][529]LogModuleManager: Shutting down and abandoning module SSL (40)
[2017.10.09-13.00.55:115][529]LogModuleManager: Shutting down and abandoning module HTTPChunkInstaller (36)
[2017.10.09-13.00.55:115][529]LogModuleManager: Shutting down and abandoning module AnimationModifiers (34)
[2017.10.09-13.00.55:115][529]LogModuleManager: Shutting down and abandoning module PropertyEditor (33)
[2017.10.09-13.00.55:115][529]LogModuleManager: Shutting down and abandoning module AudioEditor (30)
[2017.10.09-13.00.55:115][529]LogModuleManager: Shutting down and abandoning module TextureCompressor (28)
[2017.10.09-13.00.55:115][529]LogModuleManager: Shutting down and abandoning module ShaderCore (26)
[2017.10.09-13.00.55:115][529]LogModuleManager: Shutting down and abandoning module Landscape (24)
[2017.10.09-13.00.55:115][529]LogModuleManager: Shutting down and abandoning module SlateRHIRenderer (22)
[2017.10.09-13.00.55:117][529]LogModuleManager: Shutting down and abandoning module OpenGLDrv (20)
[2017.10.09-13.00.55:117][529]LogModuleManager: Shutting down and abandoning module D3D11RHI (18)
[2017.10.09-13.00.55:117][529]LogModuleManager: Shutting down and abandoning module AnimGraphRuntime (16)
[2017.10.09-13.00.55:117][529]LogModuleManager: Shutting down and abandoning module Renderer (14)
[2017.10.09-13.00.55:117][529]LogModuleManager: Shutting down and abandoning module Engine (12)
[2017.10.09-13.00.55:117][529]LogModuleManager: Shutting down and abandoning module CoreUObject (10)
[2017.10.09-13.00.55:117][529]LogModuleManager: Shutting down and abandoning module NetworkFile (8)
[2017.10.09-13.00.55:117][529]LogModuleManager: Shutting down and abandoning module StreamingFile (6)
[2017.10.09-13.00.55:117][529]LogModuleManager: Shutting down and abandoning module SandboxFile (4)
[2017.10.09-13.00.55:117][529]LogModuleManager: Shutting down and abandoning module PakFile (2)
[2017.10.09-13.00.55:120][529]LogExit: Exiting.
[2017.10.09-13.00.55:152][529]Log file closed, 10/09/17 14:00:55
